[ 2018-02-01T15:07:24+08:00 ] 127.0.0.1 /
INFO: [ app_init ] --START--
INFO: Run Behavior\BuildLiteBehavior [ RunTime:0.000000s ]
INFO: [ app_init ] --END-- [ RunTime:0.000000s ]
INFO: [ app_begin ] --START--
INFO: Run Behavior\ReadHtmlCacheBehavior [ RunTime:0.001000s ]
INFO: [ app_begin ] --END-- [ RunTime:0.001000s ]

[ 2018-02-01T15:07:24+08:00 ] 127.0.0.1 /Index.php/Home/Login/index.html
INFO: [ app_init ] --START--
INFO: Run Behavior\BuildLiteBehavior [ RunTime:0.000000s ]
INFO: [ app_init ] --END-- [ RunTime:0.001000s ]
INFO: [ app_begin ] --START--
INFO: Run Behavior\ReadHtmlCacheBehavior [ RunTime:0.000000s ]
INFO: [ app_begin ] --END-- [ RunTime:0.000000s ]
INFO: [ view_parse ] --START--
INFO: [ template_filter ] --START--
INFO: Run Behavior\ContentReplaceBehavior [ RunTime:0.000000s ]
INFO: [ template_filter ] --END-- [ RunTime:0.000000s ]
INFO: Run Behavior\ParseTemplateBehavior [ RunTime:0.029001s ]
INFO: [ view_parse ] --END-- [ RunTime:0.029001s ]
INFO: [ view_filter ] --START--
INFO: Run Behavior\WriteHtmlCacheBehavior [ RunTime:0.000000s ]
INFO: Run Behavior\TokenBuildBehavior [ RunTime:0.009001s ]
INFO: [ view_filter ] --END-- [ RunTime:0.009001s ]
INFO: [ app_end ] --START--
INFO: Run Behavior\ShowPageTraceBehavior [ RunTime:0.000000s ]
INFO: [ app_end ] --END-- [ RunTime:0.000000s ]

[ 2018-02-01T15:07:24+08:00 ] 127.0.0.1 /Index.php/Home/Login/j/Public/reg/s/login.js
INFO: [ app_init ] --START--
INFO: Run Behavior\BuildLiteBehavior [ RunTime:0.000000s ]
INFO: [ app_init ] --END-- [ RunTime:0.001000s ]
INFO: [ app_begin ] --START--
INFO: Run Behavior\ReadHtmlCacheBehavior [ RunTime:0.000000s ]
INFO: [ app_begin ] --END-- [ RunTime:0.000000s ]
ERR: 非法操作:j

[ 2018-02-01T15:07:24+08:00 ] 127.0.0.1 /Index.php/Home/Login/j/Public/reg/s/login.js
INFO: [ app_init ] --START--
INFO: Run Behavior\BuildLiteBehavior [ RunTime:0.000000s ]
INFO: [ app_init ] --END-- [ RunTime:0.000000s ]
INFO: [ app_begin ] --START--
INFO: Run Behavior\ReadHtmlCacheBehavior [ RunTime:0.001000s ]
INFO: [ app_begin ] --END-- [ RunTime:0.001000s ]
ERR: 非法操作:j

[ 2018-02-01T15:37:47+08:00 ] 127.0.0.1 /Index.php/Home/Login/login/
INFO: [ app_init ] --START--
INFO: Run Behavior\BuildLiteBehavior [ RunTime:0.000000s ]
INFO: [ app_init ] --END-- [ RunTime:0.000000s ]
INFO: [ app_begin ] --START--
INFO: Run Behavior\ReadHtmlCacheBehavior [ RunTime:0.001000s ]
INFO: [ app_begin ] --END-- [ RunTime:0.001000s ]
INFO: [ view_parse ] --START--
INFO: [ template_filter ] --START--
INFO: Run Behavior\ContentReplaceBehavior [ RunTime:0.000000s ]
INFO: [ template_filter ] --END-- [ RunTime:0.000000s ]
INFO: Run Behavior\ParseTemplateBehavior [ RunTime:0.046003s ]
INFO: [ view_parse ] --END-- [ RunTime:0.046003s ]
INFO: [ view_filter ] --START--
INFO: Run Behavior\WriteHtmlCacheBehavior [ RunTime:0.000000s ]
INFO: Run Behavior\TokenBuildBehavior [ RunTime:0.001000s ]
INFO: [ view_filter ] --END-- [ RunTime:0.001000s ]
INFO: [ app_end ] --START--
INFO: Run Behavior\ShowPageTraceBehavior [ RunTime:0.000000s ]
INFO: [ app_end ] --END-- [ RunTime:0.000000s ]

[ 2018-02-01T15:37:48+08:00 ] 127.0.0.1 /Index.php/Home/Login/login/j/Public/reg/s/login.js
INFO: [ app_init ] --START--
INFO: Run Behavior\BuildLiteBehavior [ RunTime:0.000000s ]
INFO: [ app_init ] --END-- [ RunTime:0.000000s ]
INFO: [ app_begin ] --START--
INFO: Run Behavior\ReadHtmlCacheBehavior [ RunTime:0.001001s ]
INFO: [ app_begin ] --END-- [ RunTime:0.001001s ]
INFO: [ view_parse ] --START--
INFO: [ template_filter ] --START--
INFO: Run Behavior\ContentReplaceBehavior [ RunTime:0.000000s ]
INFO: [ template_filter ] --END-- [ RunTime:0.000000s ]
INFO: Run Behavior\ParseTemplateBehavior [ RunTime:0.005000s ]
INFO: [ view_parse ] --END-- [ RunTime:0.005000s ]
INFO: [ view_filter ] --START--
INFO: Run Behavior\WriteHtmlCacheBehavior [ RunTime:0.000000s ]
INFO: Run Behavior\TokenBuildBehavior [ RunTime:0.001000s ]
INFO: [ view_filter ] --END-- [ RunTime:0.001000s ]
INFO: [ app_end ] --START--
INFO: Run Behavior\ShowPageTraceBehavior [ RunTime:0.000000s ]
INFO: [ app_end ] --END-- [ RunTime:0.000000s ]

[ 2018-02-01T15:37:55+08:00 ] 127.0.0.1 /Index.php/Home/Login/logincl.html
INFO: [ app_init ] --START--
INFO: Run Behavior\BuildLiteBehavior [ RunTime:0.000000s ]
INFO: [ app_init ] --END-- [ RunTime:0.000000s ]
INFO: [ app_begin ] --START--
INFO: Run Behavior\ReadHtmlCacheBehavior [ RunTime:0.001000s ]
INFO: [ app_begin ] --END-- [ RunTime:0.001000s ]
SQL: SHOW COLUMNS FROM `jk_user` [ RunTime:0.0070s ]
SQL: SELECT * FROM `jk_user` WHERE `UE_account` = '15515551555' LIMIT 1   [ RunTime:0.0010s ]
NOTIC: [8] Use of undefined constant ue_id - assumed 'ue_id' D:\WWW\xuni\User\Home\Controller\LoginController.class.php 第 799 行.
NOTIC: [8] Use of undefined constant ue_account - assumed 'ue_account' D:\WWW\xuni\User\Home\Controller\LoginController.class.php 第 800 行.
NOTIC: [8] Use of undefined constant ue_account - assumed 'ue_account' D:\WWW\xuni\User\Home\Controller\LoginController.class.php 第 804 行.
SQL: SHOW COLUMNS FROM `jk_drrz` [ RunTime:0.0070s ]
SQL: INSERT INTO `jk_drrz` (`date`,`ip`,`user`,`leixin`) VALUES ('2018-02-01 15:37:55','','15515551555','0') [ RunTime:0.0000s ]

[ 2018-02-01T15:37:55+08:00 ] 127.0.0.1 /index.php/Home/Myuser/ssgh/
INFO: [ app_init ] --START--
INFO: Run Behavior\BuildLiteBehavior [ RunTime:0.000000s ]
INFO: [ app_init ] --END-- [ RunTime:0.001000s ]
INFO: [ app_begin ] --START--
INFO: Run Behavior\ReadHtmlCacheBehavior [ RunTime:0.000000s ]
INFO: [ app_begin ] --END-- [ RunTime:0.000000s ]
SQL: SHOW COLUMNS FROM `jk_system` [ RunTime:0.0310s ]
SQL: SELECT * FROM `jk_system` WHERE `SYS_ID` = 1 LIMIT 1   [ RunTime:0.0000s ]
SQL: SHOW COLUMNS FROM `jk_user` [ RunTime:0.0070s ]
SQL: SELECT * FROM `jk_user` WHERE `UE_ID` = 1 LIMIT 1   [ RunTime:0.0010s ]
SQL: SHOW COLUMNS FROM `jk_ppdd` [ RunTime:0.0060s ]
SQL: SELECT * FROM `jk_ppdd` WHERE `g_user` = '15515551555' AND `zt` = 1 LIMIT 1   [ RunTime:0.0000s ]
SQL: SELECT * FROM `jk_ppdd` WHERE `g_user` = '15515551555' AND `zt` = 1 LIMIT 1   [ RunTime:0.0000s ]
SQL: SELECT * FROM `jk_user` WHERE `UE_account` = '15515551555' LIMIT 1   [ RunTime:0.0000s ]
SQL: UPDATE `jk_ppdd` SET `zt`='0',`jydate`='',`g_name`='',`g_user`='',`g_level`='',`g_id`='' WHERE `g_user` = '15515551555' AND `zt` = 1 [ RunTime:0.0010s ]
NOTIC: [8] Use of undefined constant date - assumed 'date' D:\WWW\xuni\User\Home\Controller\CommonController.class.php 第 88 行.
SQL: SHOW COLUMNS FROM `jk_date` [ RunTime:0.0220s ]
SQL: SELECT * FROM `jk_date` WHERE `date` = 1517414430 LIMIT 1   [ RunTime:0.0010s ]
NOTIC: [8] Use of undefined constant date - assumed 'date' D:\WWW\xuni\User\Home\Controller\CommonController.class.php 第 93 行.
SQL: SELECT * FROM `jk_date` ORDER BY id desc LIMIT 1   [ RunTime:0.0000s ]
SQL: INSERT INTO `jk_date` (`date`,`price`) VALUES ('1517414430','0.5') [ RunTime:0.0010s ]
SQL: INSERT INTO `jk_date` (`date`,`price`) VALUES ('1517414460','0.5') [ RunTime:0.0000s ]
SQL: SELECT * FROM `jk_user` WHERE `UE_account` = '15515551555' LIMIT 1   [ RunTime:0.0010s ]
SQL: SHOW COLUMNS FROM `jk_ghgl` [ RunTime:0.0280s ]
SQL: SELECT * FROM `jk_ghgl` WHERE `uid` = '1' LIMIT 1   [ RunTime:0.0000s ]
NOTIC: [8] Undefined index: ssghgl D:\WWW\xuni\User\Home\Controller\MyuserController.class.php 第 420 行.
SQL: SELECT * FROM `jk_user` WHERE ( UE_ID in (0) ) AND `ktghgl` = 2 AND `UE_ID` <> '1' ORDER BY UE_ID desc LIMIT 1   [ RunTime:0.0010s ]
SQL: SELECT * FROM `jk_ghgl` WHERE `uid` = null LIMIT 1   [ RunTime:0.0000s ]
INFO: [ view_parse ] --START--
INFO: [ template_filter ] --START--
INFO: Run Behavior\ContentReplaceBehavior [ RunTime:0.000000s ]
INFO: [ template_filter ] --END-- [ RunTime:0.000000s ]
INFO: Run Behavior\ParseTemplateBehavior [ RunTime:0.017001s ]
INFO: [ view_parse ] --END-- [ RunTime:0.017001s ]
INFO: [ view_filter ] --START--
INFO: Run Behavior\WriteHtmlCacheBehavior [ RunTime:0.001000s ]
INFO: Run Behavior\TokenBuildBehavior [ RunTime:0.000000s ]
INFO: [ view_filter ] --END-- [ RunTime:0.001000s ]
INFO: [ app_end ] --START--
INFO: Run Behavior\ShowPageTraceBehavior [ RunTime:0.001000s ]
INFO: [ app_end ] --END-- [ RunTime:0.001000s ]

[ 2018-02-01T15:38:02+08:00 ] 127.0.0.1 /Index.php/Home/Index/Index/
INFO: [ app_init ] --START--
INFO: Run Behavior\BuildLiteBehavior [ RunTime:0.000000s ]
INFO: [ app_init ] --END-- [ RunTime:0.000000s ]
INFO: [ app_begin ] --START--
INFO: Run Behavior\ReadHtmlCacheBehavior [ RunTime:0.001001s ]
INFO: [ app_begin ] --END-- [ RunTime:0.001001s ]
SQL: SHOW COLUMNS FROM `jk_userget` [ RunTime:0.0070s ]
NOTIC: [8] Use of undefined constant wakuang - assumed 'wakuang' D:\WWW\xuni\User\Home\Controller\IndexController.class.php 第 15 行.
SQL: SELECT * FROM `jk_userget` WHERE `UG_account` = '15515551555' AND `UG_dataType` = 'wakuang' ORDER BY UG_ID DESC  [ RunTime:0.0010s ]
SQL: SHOW COLUMNS FROM `jk_user` [ RunTime:0.0070s ]
SQL: SELECT * FROM `jk_user` WHERE `UE_account` = '15515551555' LIMIT 1   [ RunTime:0.0010s ]
INFO: [ view_parse ] --START--
INFO: [ template_filter ] --START--
INFO: Run Behavior\ContentReplaceBehavior [ RunTime:0.000000s ]
INFO: [ template_filter ] --END-- [ RunTime:0.000000s ]
INFO: Run Behavior\ParseTemplateBehavior [ RunTime:0.024001s ]
INFO: [ view_parse ] --END-- [ RunTime:0.024001s ]
INFO: [ view_filter ] --START--
INFO: Run Behavior\WriteHtmlCacheBehavior [ RunTime:0.001000s ]
INFO: Run Behavior\TokenBuildBehavior [ RunTime:0.001000s ]
INFO: [ view_filter ] --END-- [ RunTime:0.002000s ]
INFO: [ app_end ] --START--
INFO: Run Behavior\ShowPageTraceBehavior [ RunTime:0.000000s ]
INFO: [ app_end ] --END-- [ RunTime:0.000000s ]

