[ 2017-10-22T16:04:23+08:00 ] 223.64.187.210 /Index.php/Shop/Index/
INFO: [ app_init ] --START--
INFO: Run Behavior\BuildLiteBehavior [ RunTime:0.000011s ]
INFO: [ app_init ] --END-- [ RunTime:0.000081s ]
INFO: [ app_begin ] --START--
INFO: Run Behavior\ReadHtmlCacheBehavior [ RunTime:0.000066s ]
INFO: [ app_begin ] --END-- [ RunTime:0.000098s ]
SQL: SHOW COLUMNS FROM `jk_system` [ RunTime:0.0007s ]
SQL: SELECT * FROM `jk_system` WHERE `SYS_ID` = 1 LIMIT 1   [ RunTime:0.0001s ]
SQL: SHOW COLUMNS FROM `jk_user` [ RunTime:0.0007s ]
SQL: SELECT * FROM `jk_user` WHERE `UE_ID` = 2 LIMIT 1   [ RunTime:0.0001s ]
SQL: SHOW COLUMNS FROM `jk_font` [ RunTime:0.0003s ]
SQL: SELECT * FROM `jk_font` LIMIT 1   [ RunTime:0.0001s ]
SQL: SHOW COLUMNS FROM `jk_shop_project` [ RunTime:0.0004s ]
SQL: SELECT COUNT(*) AS tp_count FROM `jk_shop_project` WHERE ( zt>0 ) LIMIT 1   [ RunTime:0.0000s ]
SQL: SELECT * FROM `jk_shop_project` WHERE ( zt = '1' ) ORDER BY addtime desc  [ RunTime:0.0001s ]
NOTIC: [8] Undefined variable: show /www/web/gec/public_html/User/Shop/Controller/IndexController.class.php 第 22 行.
INFO: [ view_parse ] --START--
INFO: [ template_filter ] --START--
INFO: Run Behavior\ContentReplaceBehavior [ RunTime:0.000047s ]
INFO: [ template_filter ] --END-- [ RunTime:0.000081s ]
INFO: Run Behavior\ParseTemplateBehavior [ RunTime:0.003161s ]
INFO: [ view_parse ] --END-- [ RunTime:0.003199s ]
INFO: [ view_filter ] --START--
INFO: Run Behavior\WriteHtmlCacheBehavior [ RunTime:0.000066s ]
INFO: Run Behavior\TokenBuildBehavior [ RunTime:0.000065s ]
INFO: [ view_filter ] --END-- [ RunTime:0.000177s ]
INFO: [ app_end ] --START--
INFO: Run Behavior\ShowPageTraceBehavior [ RunTime:0.000071s ]
INFO: [ app_end ] --END-- [ RunTime:0.000104s ]

[ 2017-10-22T16:04:25+08:00 ] 223.64.187.210 /Index.php//Shop/index/jiaoyi?id=210
INFO: [ app_init ] --START--
INFO: Run Behavior\BuildLiteBehavior [ RunTime:0.000013s ]
INFO: [ app_init ] --END-- [ RunTime:0.000078s ]
INFO: [ app_begin ] --START--
INFO: Run Behavior\ReadHtmlCacheBehavior [ RunTime:0.000067s ]
INFO: [ app_begin ] --END-- [ RunTime:0.000103s ]
SQL: SHOW COLUMNS FROM `jk_system` [ RunTime:0.0008s ]
SQL: SELECT * FROM `jk_system` WHERE `SYS_ID` = 1 LIMIT 1   [ RunTime:0.0001s ]
SQL: SHOW COLUMNS FROM `jk_user` [ RunTime:0.0008s ]
SQL: SELECT * FROM `jk_user` WHERE `UE_ID` = 2 LIMIT 1   [ RunTime:0.0001s ]
SQL: SHOW COLUMNS FROM `jk_font` [ RunTime:0.0004s ]
SQL: SELECT * FROM `jk_font` LIMIT 1   [ RunTime:0.0000s ]
SQL: SHOW COLUMNS FROM `jk_shop_project` [ RunTime:0.0004s ]
SQL: SELECT * FROM `jk_shop_project` WHERE `id` = 210 LIMIT 1   [ RunTime:0.0002s ]
INFO: [ view_parse ] --START--
INFO: [ template_filter ] --START--
INFO: Run Behavior\ContentReplaceBehavior [ RunTime:0.000041s ]
INFO: [ template_filter ] --END-- [ RunTime:0.000077s ]
INFO: Run Behavior\ParseTemplateBehavior [ RunTime:0.001677s ]
INFO: [ view_parse ] --END-- [ RunTime:0.001715s ]
INFO: [ view_filter ] --START--
INFO: Run Behavior\WriteHtmlCacheBehavior [ RunTime:0.000082s ]
INFO: Run Behavior\TokenBuildBehavior [ RunTime:0.000067s ]
INFO: [ view_filter ] --END-- [ RunTime:0.000198s ]
INFO: [ app_end ] --START--
INFO: Run Behavior\ShowPageTraceBehavior [ RunTime:0.000053s ]
INFO: [ app_end ] --END-- [ RunTime:0.000077s ]

[ 2017-10-22T16:04:26+08:00 ] 223.64.187.210 /Index.php//Shop/index/confirmproject?id=210
INFO: [ app_init ] --START--
INFO: Run Behavior\BuildLiteBehavior [ RunTime:0.000011s ]
INFO: [ app_init ] --END-- [ RunTime:0.000075s ]
INFO: [ app_begin ] --START--
INFO: Run Behavior\ReadHtmlCacheBehavior [ RunTime:0.000057s ]
INFO: [ app_begin ] --END-- [ RunTime:0.000088s ]
SQL: SHOW COLUMNS FROM `jk_system` [ RunTime:0.0007s ]
SQL: SELECT * FROM `jk_system` WHERE `SYS_ID` = 1 LIMIT 1   [ RunTime:0.0001s ]
SQL: SHOW COLUMNS FROM `jk_user` [ RunTime:0.0007s ]
SQL: SELECT * FROM `jk_user` WHERE `UE_ID` = 2 LIMIT 1   [ RunTime:0.0001s ]
SQL: SHOW COLUMNS FROM `jk_font` [ RunTime:0.0003s ]
SQL: SELECT * FROM `jk_font` LIMIT 1   [ RunTime:0.0000s ]
SQL: SHOW COLUMNS FROM `jk_shop_project` [ RunTime:0.0004s ]
SQL: SELECT * FROM `jk_shop_project` WHERE `id` = 210 LIMIT 1   [ RunTime:0.0001s ]
SQL: SELECT * FROM `jk_user` WHERE `UE_account` = '15515553735' LIMIT 1   [ RunTime:0.0001s ]
SQL: UPDATE `jk_user` SET `UE_money`=UE_money-10 WHERE `UE_account` = '15515553735' [ RunTime:0.0002s ]
SQL: UPDATE `jk_user` SET `kjzt`='1' WHERE `UE_account` = '15515553735' [ RunTime:0.0001s ]
SQL: SHOW COLUMNS FROM `jk_shop_orderform` [ RunTime:0.0004s ]
SQL: INSERT INTO `jk_shop_orderform` (`user`,`project`,`enproject`,`yxzq`,`sumprice`,`addtime`,`username`,`imagepath`,`lixi`,`qwsl`,`kjsl`,`kjbh`) VALUES ('15515553735','微型云矿机','Micro cloud machine','720','10','2017-10-22 16:04:26','G769683','/Uploads/Pic/2017-03-01/58b6b0ada7383.png','0.01527778','','0.01','G225946651') [ RunTime:0.0003s ]
SQL: SELECT * FROM `jk_user` WHERE `UE_account` = '15515551555' LIMIT 1   [ RunTime:0.0002s ]

[ 2017-10-22T16:04:34+08:00 ] 223.64.187.210 /Index.php/Shop/Index/
INFO: [ app_init ] --START--
INFO: Run Behavior\BuildLiteBehavior [ RunTime:0.000012s ]
INFO: [ app_init ] --END-- [ RunTime:0.000076s ]
INFO: [ app_begin ] --START--
INFO: Run Behavior\ReadHtmlCacheBehavior [ RunTime:0.000057s ]
INFO: [ app_begin ] --END-- [ RunTime:0.000088s ]
SQL: SHOW COLUMNS FROM `jk_system` [ RunTime:0.0007s ]
SQL: SELECT * FROM `jk_system` WHERE `SYS_ID` = 1 LIMIT 1   [ RunTime:0.0001s ]
SQL: SHOW COLUMNS FROM `jk_user` [ RunTime:0.0007s ]
SQL: SELECT * FROM `jk_user` WHERE `UE_ID` = 2 LIMIT 1   [ RunTime:0.0001s ]
SQL: SHOW COLUMNS FROM `jk_font` [ RunTime:0.0003s ]
SQL: SELECT * FROM `jk_font` LIMIT 1   [ RunTime:0.0000s ]
SQL: SHOW COLUMNS FROM `jk_shop_project` [ RunTime:0.0004s ]
SQL: SELECT COUNT(*) AS tp_count FROM `jk_shop_project` WHERE ( zt>0 ) LIMIT 1   [ RunTime:0.0000s ]
SQL: SELECT * FROM `jk_shop_project` WHERE ( zt = '1' ) ORDER BY addtime desc  [ RunTime:0.0001s ]
NOTIC: [8] Undefined variable: show /www/web/gec/public_html/User/Shop/Controller/IndexController.class.php 第 22 行.
INFO: [ view_parse ] --START--
INFO: [ template_filter ] --START--
INFO: Run Behavior\ContentReplaceBehavior [ RunTime:0.000048s ]
INFO: [ template_filter ] --END-- [ RunTime:0.000092s ]
INFO: Run Behavior\ParseTemplateBehavior [ RunTime:0.003045s ]
INFO: [ view_parse ] --END-- [ RunTime:0.003081s ]
INFO: [ view_filter ] --START--
INFO: Run Behavior\WriteHtmlCacheBehavior [ RunTime:0.000059s ]
INFO: Run Behavior\TokenBuildBehavior [ RunTime:0.000055s ]
INFO: [ view_filter ] --END-- [ RunTime:0.000151s ]
INFO: [ app_end ] --START--
INFO: Run Behavior\ShowPageTraceBehavior [ RunTime:0.000062s ]
INFO: [ app_end ] --END-- [ RunTime:0.000095s ]

[ 2017-10-22T16:04:36+08:00 ] 117.185.27.114 /Index.php//Shop/index/confirmproject?id=210
INFO: [ app_init ] --START--
INFO: Run Behavior\BuildLiteBehavior [ RunTime:0.000011s ]
INFO: [ app_init ] --END-- [ RunTime:0.000068s ]
INFO: [ app_begin ] --START--
INFO: Run Behavior\ReadHtmlCacheBehavior [ RunTime:0.000062s ]
INFO: [ app_begin ] --END-- [ RunTime:0.000094s ]
SQL: SHOW COLUMNS FROM `jk_system` [ RunTime:0.0006s ]
SQL: SELECT * FROM `jk_system` WHERE `SYS_ID` = 1 LIMIT 1   [ RunTime:0.0001s ]

[ 2017-10-22T16:04:36+08:00 ] 223.64.187.210 /Index.php//Shop/index/jiaoyi?id=218
INFO: [ app_init ] --START--
INFO: Run Behavior\BuildLiteBehavior [ RunTime:0.000012s ]
INFO: [ app_init ] --END-- [ RunTime:0.000076s ]
INFO: [ app_begin ] --START--
INFO: Run Behavior\ReadHtmlCacheBehavior [ RunTime:0.000065s ]
INFO: [ app_begin ] --END-- [ RunTime:0.000101s ]
SQL: SHOW COLUMNS FROM `jk_system` [ RunTime:0.0007s ]
SQL: SELECT * FROM `jk_system` WHERE `SYS_ID` = 1 LIMIT 1   [ RunTime:0.0001s ]
SQL: SHOW COLUMNS FROM `jk_user` [ RunTime:0.0008s ]
SQL: SELECT * FROM `jk_user` WHERE `UE_ID` = 2 LIMIT 1   [ RunTime:0.0001s ]
SQL: SHOW COLUMNS FROM `jk_font` [ RunTime:0.0003s ]
SQL: SELECT * FROM `jk_font` LIMIT 1   [ RunTime:0.0000s ]
SQL: SHOW COLUMNS FROM `jk_shop_project` [ RunTime:0.0004s ]
SQL: SELECT * FROM `jk_shop_project` WHERE `id` = 218 LIMIT 1   [ RunTime:0.0002s ]
INFO: [ view_parse ] --START--
INFO: [ template_filter ] --START--
INFO: Run Behavior\ContentReplaceBehavior [ RunTime:0.000041s ]
INFO: [ template_filter ] --END-- [ RunTime:0.000076s ]
INFO: Run Behavior\ParseTemplateBehavior [ RunTime:0.001586s ]
INFO: [ view_parse ] --END-- [ RunTime:0.001622s ]
INFO: [ view_filter ] --START--
INFO: Run Behavior\WriteHtmlCacheBehavior [ RunTime:0.000057s ]
INFO: Run Behavior\TokenBuildBehavior [ RunTime:0.000051s ]
INFO: [ view_filter ] --END-- [ RunTime:0.000145s ]
INFO: [ app_end ] --START--
INFO: Run Behavior\ShowPageTraceBehavior [ RunTime:0.000052s ]
INFO: [ app_end ] --END-- [ RunTime:0.000077s ]

[ 2017-10-22T16:04:37+08:00 ] 223.64.187.210 /Index.php//Shop/index/confirmproject?id=218
INFO: [ app_init ] --START--
INFO: Run Behavior\BuildLiteBehavior [ RunTime:0.000012s ]
INFO: [ app_init ] --END-- [ RunTime:0.000069s ]
INFO: [ app_begin ] --START--
INFO: Run Behavior\ReadHtmlCacheBehavior [ RunTime:0.000058s ]
INFO: [ app_begin ] --END-- [ RunTime:0.000089s ]
SQL: SHOW COLUMNS FROM `jk_system` [ RunTime:0.0007s ]
SQL: SELECT * FROM `jk_system` WHERE `SYS_ID` = 1 LIMIT 1   [ RunTime:0.0001s ]
SQL: SHOW COLUMNS FROM `jk_user` [ RunTime:0.0007s ]
SQL: SELECT * FROM `jk_user` WHERE `UE_ID` = 2 LIMIT 1   [ RunTime:0.0001s ]
SQL: SHOW COLUMNS FROM `jk_font` [ RunTime:0.0003s ]
SQL: SELECT * FROM `jk_font` LIMIT 1   [ RunTime:0.0000s ]
SQL: SHOW COLUMNS FROM `jk_shop_project` [ RunTime:0.0004s ]
SQL: SELECT * FROM `jk_shop_project` WHERE `id` = 218 LIMIT 1   [ RunTime:0.0001s ]
SQL: SELECT * FROM `jk_user` WHERE `UE_account` = '15515553735' LIMIT 1   [ RunTime:0.0001s ]
INFO: [ view_parse ] --START--
INFO: [ template_filter ] --START--
INFO: Run Behavior\ContentReplaceBehavior [ RunTime:0.000042s ]
INFO: [ template_filter ] --END-- [ RunTime:0.000076s ]
INFO: Run Behavior\ParseTemplateBehavior [ RunTime:0.002083s ]
INFO: [ view_parse ] --END-- [ RunTime:0.002120s ]
INFO: [ view_filter ] --START--
INFO: Run Behavior\WriteHtmlCacheBehavior [ RunTime:0.000069s ]
INFO: Run Behavior\TokenBuildBehavior [ RunTime:0.000054s ]
INFO: [ view_filter ] --END-- [ RunTime:0.000164s ]

[ 2017-10-22T16:04:39+08:00 ] 223.64.187.210 /Index.php//Shop/index/favicon.ico
INFO: [ app_init ] --START--
INFO: Run Behavior\BuildLiteBehavior [ RunTime:0.000010s ]
INFO: [ app_init ] --END-- [ RunTime:0.000062s ]

[ 2017-10-22T16:04:46+08:00 ] 117.185.27.115 /Index.php//Shop/index/jiaoyi?id=218
INFO: [ app_init ] --START--
INFO: Run Behavior\BuildLiteBehavior [ RunTime:0.000012s ]
INFO: [ app_init ] --END-- [ RunTime:0.000080s ]
INFO: [ app_begin ] --START--
INFO: Run Behavior\ReadHtmlCacheBehavior [ RunTime:0.000064s ]
INFO: [ app_begin ] --END-- [ RunTime:0.000096s ]
SQL: SHOW COLUMNS FROM `jk_system` [ RunTime:0.0007s ]
SQL: SELECT * FROM `jk_system` WHERE `SYS_ID` = 1 LIMIT 1   [ RunTime:0.0001s ]

[ 2017-10-22T16:04:46+08:00 ] 223.64.187.210 /Index.php//Shop/index/jiaoyi?id=217
INFO: [ app_init ] --START--
INFO: Run Behavior\BuildLiteBehavior [ RunTime:0.000012s ]
INFO: [ app_init ] --END-- [ RunTime:0.000070s ]
INFO: [ app_begin ] --START--
INFO: Run Behavior\ReadHtmlCacheBehavior [ RunTime:0.000057s ]
INFO: [ app_begin ] --END-- [ RunTime:0.000088s ]
SQL: SHOW COLUMNS FROM `jk_system` [ RunTime:0.0007s ]
SQL: SELECT * FROM `jk_system` WHERE `SYS_ID` = 1 LIMIT 1   [ RunTime:0.0001s ]
SQL: SHOW COLUMNS FROM `jk_user` [ RunTime:0.0007s ]
SQL: SELECT * FROM `jk_user` WHERE `UE_ID` = 2 LIMIT 1   [ RunTime:0.0001s ]
SQL: SHOW COLUMNS FROM `jk_font` [ RunTime:0.0003s ]
SQL: SELECT * FROM `jk_font` LIMIT 1   [ RunTime:0.0000s ]
SQL: SHOW COLUMNS FROM `jk_shop_project` [ RunTime:0.0004s ]
SQL: SELECT * FROM `jk_shop_project` WHERE `id` = 217 LIMIT 1   [ RunTime:0.0001s ]
INFO: [ view_parse ] --START--
INFO: [ template_filter ] --START--
INFO: Run Behavior\ContentReplaceBehavior [ RunTime:0.000041s ]
INFO: [ template_filter ] --END-- [ RunTime:0.000075s ]
INFO: Run Behavior\ParseTemplateBehavior [ RunTime:0.001569s ]
INFO: [ view_parse ] --END-- [ RunTime:0.001606s ]
INFO: [ view_filter ] --START--
INFO: Run Behavior\WriteHtmlCacheBehavior [ RunTime:0.000058s ]
INFO: Run Behavior\TokenBuildBehavior [ RunTime:0.000052s ]
INFO: [ view_filter ] --END-- [ RunTime:0.000147s ]
INFO: [ app_end ] --START--
INFO: Run Behavior\ShowPageTraceBehavior [ RunTime:0.000053s ]
INFO: [ app_end ] --END-- [ RunTime:0.000076s ]

[ 2017-10-22T16:04:48+08:00 ] 223.64.187.210 /Index.php//Shop/index/confirmproject?id=217
INFO: [ app_init ] --START--
INFO: Run Behavior\BuildLiteBehavior [ RunTime:0.000012s ]
INFO: [ app_init ] --END-- [ RunTime:0.000068s ]
INFO: [ app_begin ] --START--
INFO: Run Behavior\ReadHtmlCacheBehavior [ RunTime:0.000058s ]
INFO: [ app_begin ] --END-- [ RunTime:0.000090s ]
SQL: SHOW COLUMNS FROM `jk_system` [ RunTime:0.0007s ]
SQL: SELECT * FROM `jk_system` WHERE `SYS_ID` = 1 LIMIT 1   [ RunTime:0.0001s ]
SQL: SHOW COLUMNS FROM `jk_user` [ RunTime:0.0007s ]
SQL: SELECT * FROM `jk_user` WHERE `UE_ID` = 2 LIMIT 1   [ RunTime:0.0001s ]
SQL: SHOW COLUMNS FROM `jk_font` [ RunTime:0.0003s ]
SQL: SELECT * FROM `jk_font` LIMIT 1   [ RunTime:0.0000s ]
SQL: SHOW COLUMNS FROM `jk_shop_project` [ RunTime:0.0004s ]
SQL: SELECT * FROM `jk_shop_project` WHERE `id` = 217 LIMIT 1   [ RunTime:0.0001s ]
SQL: SELECT * FROM `jk_user` WHERE `UE_account` = '15515553735' LIMIT 1   [ RunTime:0.0001s ]
SQL: UPDATE `jk_user` SET `UE_money`=UE_money-1000 WHERE `UE_account` = '15515553735' [ RunTime:0.0002s ]
SQL: UPDATE `jk_user` SET `kjzt`='1' WHERE `UE_account` = '15515553735' [ RunTime:0.0001s ]
SQL: SHOW COLUMNS FROM `jk_shop_orderform` [ RunTime:0.0004s ]
SQL: INSERT INTO `jk_shop_orderform` (`user`,`project`,`enproject`,`yxzq`,`sumprice`,`addtime`,`username`,`imagepath`,`lixi`,`qwsl`,`kjsl`,`kjbh`) VALUES ('15515553735','中型云矿机','Medium cloud machine','720','1000','2017-10-22 16:04:48','G769683','/Uploads/Pic/2017-03-01/58b6b0cee82c6.png','1.80555556','','1','G225948897') [ RunTime:0.0002s ]
SQL: SELECT * FROM `jk_user` WHERE `UE_account` = '15515551555' LIMIT 1   [ RunTime:0.0003s ]

[ 2017-10-22T16:04:52+08:00 ] 223.64.187.210 /Index.php/Shop/Index/
INFO: [ app_init ] --START--
INFO: Run Behavior\BuildLiteBehavior [ RunTime:0.000012s ]
INFO: [ app_init ] --END-- [ RunTime:0.000071s ]
INFO: [ app_begin ] --START--
INFO: Run Behavior\ReadHtmlCacheBehavior [ RunTime:0.000058s ]
INFO: [ app_begin ] --END-- [ RunTime:0.000096s ]
SQL: SHOW COLUMNS FROM `jk_system` [ RunTime:0.0007s ]
SQL: SELECT * FROM `jk_system` WHERE `SYS_ID` = 1 LIMIT 1   [ RunTime:0.0001s ]
SQL: SHOW COLUMNS FROM `jk_user` [ RunTime:0.0007s ]
SQL: SELECT * FROM `jk_user` WHERE `UE_ID` = 2 LIMIT 1   [ RunTime:0.0001s ]
SQL: SHOW COLUMNS FROM `jk_font` [ RunTime:0.0003s ]
SQL: SELECT * FROM `jk_font` LIMIT 1   [ RunTime:0.0001s ]
SQL: SHOW COLUMNS FROM `jk_shop_project` [ RunTime:0.0003s ]
SQL: SELECT COUNT(*) AS tp_count FROM `jk_shop_project` WHERE ( zt>0 ) LIMIT 1   [ RunTime:0.0000s ]
SQL: SELECT * FROM `jk_shop_project` WHERE ( zt = '1' ) ORDER BY addtime desc  [ RunTime:0.0001s ]
NOTIC: [8] Undefined variable: show /www/web/gec/public_html/User/Shop/Controller/IndexController.class.php 第 22 行.
INFO: [ view_parse ] --START--
INFO: [ template_filter ] --START--
INFO: Run Behavior\ContentReplaceBehavior [ RunTime:0.000047s ]
INFO: [ template_filter ] --END-- [ RunTime:0.000081s ]
INFO: Run Behavior\ParseTemplateBehavior [ RunTime:0.003083s ]
INFO: [ view_parse ] --END-- [ RunTime:0.003136s ]
INFO: [ view_filter ] --START--
INFO: Run Behavior\WriteHtmlCacheBehavior [ RunTime:0.000060s ]
INFO: Run Behavior\TokenBuildBehavior [ RunTime:0.000056s ]
INFO: [ view_filter ] --END-- [ RunTime:0.000152s ]
INFO: [ app_end ] --START--
INFO: Run Behavior\ShowPageTraceBehavior [ RunTime:0.000063s ]
INFO: [ app_end ] --END-- [ RunTime:0.000094s ]

[ 2017-10-22T16:04:54+08:00 ] 223.64.187.210 /Index.php//Shop/index/jiaoyi?id=217
INFO: [ app_init ] --START--
INFO: Run Behavior\BuildLiteBehavior [ RunTime:0.000012s ]
INFO: [ app_init ] --END-- [ RunTime:0.000069s ]
INFO: [ app_begin ] --START--
INFO: Run Behavior\ReadHtmlCacheBehavior [ RunTime:0.000082s ]
INFO: [ app_begin ] --END-- [ RunTime:0.000115s ]
SQL: SHOW COLUMNS FROM `jk_system` [ RunTime:0.0007s ]
SQL: SELECT * FROM `jk_system` WHERE `SYS_ID` = 1 LIMIT 1   [ RunTime:0.0001s ]
SQL: SHOW COLUMNS FROM `jk_user` [ RunTime:0.0007s ]
SQL: SELECT * FROM `jk_user` WHERE `UE_ID` = 2 LIMIT 1   [ RunTime:0.0001s ]
SQL: SHOW COLUMNS FROM `jk_font` [ RunTime:0.0003s ]
SQL: SELECT * FROM `jk_font` LIMIT 1   [ RunTime:0.0000s ]
SQL: SHOW COLUMNS FROM `jk_shop_project` [ RunTime:0.0004s ]
SQL: SELECT * FROM `jk_shop_project` WHERE `id` = 217 LIMIT 1   [ RunTime:0.0001s ]
INFO: [ view_parse ] --START--
INFO: [ template_filter ] --START--
INFO: Run Behavior\ContentReplaceBehavior [ RunTime:0.000041s ]
INFO: [ template_filter ] --END-- [ RunTime:0.000075s ]
INFO: Run Behavior\ParseTemplateBehavior [ RunTime:0.001561s ]
INFO: [ view_parse ] --END-- [ RunTime:0.001609s ]
INFO: [ view_filter ] --START--
INFO: Run Behavior\WriteHtmlCacheBehavior [ RunTime:0.000058s ]
INFO: Run Behavior\TokenBuildBehavior [ RunTime:0.000051s ]
INFO: [ view_filter ] --END-- [ RunTime:0.000146s ]
INFO: [ app_end ] --START--
INFO: Run Behavior\ShowPageTraceBehavior [ RunTime:0.000052s ]
INFO: [ app_end ] --END-- [ RunTime:0.000076s ]

[ 2017-10-22T16:04:55+08:00 ] 223.64.187.210 /Index.php//Shop/index/confirmproject?id=217
INFO: [ app_init ] --START--
INFO: Run Behavior\BuildLiteBehavior [ RunTime:0.000011s ]
INFO: [ app_init ] --END-- [ RunTime:0.000075s ]
INFO: [ app_begin ] --START--
INFO: Run Behavior\ReadHtmlCacheBehavior [ RunTime:0.000057s ]
INFO: [ app_begin ] --END-- [ RunTime:0.000087s ]
SQL: SHOW COLUMNS FROM `jk_system` [ RunTime:0.0007s ]
SQL: SELECT * FROM `jk_system` WHERE `SYS_ID` = 1 LIMIT 1   [ RunTime:0.0001s ]
SQL: SHOW COLUMNS FROM `jk_user` [ RunTime:0.0007s ]
SQL: SELECT * FROM `jk_user` WHERE `UE_ID` = 2 LIMIT 1   [ RunTime:0.0001s ]
SQL: SHOW COLUMNS FROM `jk_font` [ RunTime:0.0003s ]
SQL: SELECT * FROM `jk_font` LIMIT 1   [ RunTime:0.0000s ]
SQL: SHOW COLUMNS FROM `jk_shop_project` [ RunTime:0.0004s ]
SQL: SELECT * FROM `jk_shop_project` WHERE `id` = 217 LIMIT 1   [ RunTime:0.0001s ]
SQL: SELECT * FROM `jk_user` WHERE `UE_account` = '15515553735' LIMIT 1   [ RunTime:0.0001s ]
SQL: UPDATE `jk_user` SET `UE_money`=UE_money-1000 WHERE `UE_account` = '15515553735' [ RunTime:0.0002s ]
SQL: UPDATE `jk_user` SET `kjzt`='1' WHERE `UE_account` = '15515553735' [ RunTime:0.0001s ]
SQL: SHOW COLUMNS FROM `jk_shop_orderform` [ RunTime:0.0003s ]
SQL: INSERT INTO `jk_shop_orderform` (`user`,`project`,`enproject`,`yxzq`,`sumprice`,`addtime`,`username`,`imagepath`,`lixi`,`qwsl`,`kjsl`,`kjbh`) VALUES ('15515553735','中型云矿机','Medium cloud machine','720','1000','2017-10-22 16:04:55','G769683','/Uploads/Pic/2017-03-01/58b6b0cee82c6.png','1.80555556','','1','G225949581') [ RunTime:0.0002s ]
SQL: SELECT * FROM `jk_user` WHERE `UE_account` = '15515551555' LIMIT 1   [ RunTime:0.0002s ]

[ 2017-10-22T16:05:19+08:00 ] 223.64.187.210 /Index.php/Shop/Index/
INFO: [ app_init ] --START--
INFO: Run Behavior\BuildLiteBehavior [ RunTime:0.000012s ]
INFO: [ app_init ] --END-- [ RunTime:0.000068s ]
INFO: [ app_begin ] --START--
INFO: Run Behavior\ReadHtmlCacheBehavior [ RunTime:0.000058s ]
INFO: [ app_begin ] --END-- [ RunTime:0.000089s ]
SQL: SHOW COLUMNS FROM `jk_system` [ RunTime:0.0007s ]
SQL: SELECT * FROM `jk_system` WHERE `SYS_ID` = 1 LIMIT 1   [ RunTime:0.0001s ]
SQL: SHOW COLUMNS FROM `jk_user` [ RunTime:0.0007s ]
SQL: SELECT * FROM `jk_user` WHERE `UE_ID` = 2 LIMIT 1   [ RunTime:0.0001s ]
SQL: SHOW COLUMNS FROM `jk_font` [ RunTime:0.0003s ]
SQL: SELECT * FROM `jk_font` LIMIT 1   [ RunTime:0.0001s ]
SQL: SHOW COLUMNS FROM `jk_shop_project` [ RunTime:0.0004s ]
SQL: SELECT COUNT(*) AS tp_count FROM `jk_shop_project` WHERE ( zt>0 ) LIMIT 1   [ RunTime:0.0000s ]
SQL: SELECT * FROM `jk_shop_project` WHERE ( zt = '1' ) ORDER BY addtime desc  [ RunTime:0.0001s ]
NOTIC: [8] Undefined variable: show /www/web/gec/public_html/User/Shop/Controller/IndexController.class.php 第 22 行.
INFO: [ view_parse ] --START--
INFO: [ template_filter ] --START--
INFO: Run Behavior\ContentReplaceBehavior [ RunTime:0.000047s ]
INFO: [ template_filter ] --END-- [ RunTime:0.000080s ]
INFO: Run Behavior\ParseTemplateBehavior [ RunTime:0.002959s ]
INFO: [ view_parse ] --END-- [ RunTime:0.002997s ]
INFO: [ view_filter ] --START--
INFO: Run Behavior\WriteHtmlCacheBehavior [ RunTime:0.000059s ]
INFO: Run Behavior\TokenBuildBehavior [ RunTime:0.000068s ]
INFO: [ view_filter ] --END-- [ RunTime:0.000165s ]
INFO: [ app_end ] --START--
INFO: Run Behavior\ShowPageTraceBehavior [ RunTime:0.000062s ]
INFO: [ app_end ] --END-- [ RunTime:0.000095s ]

[ 2017-10-22T16:09:02+08:00 ] 101.226.99.196 /index.php//shop/index/jiaoyi?id=210
INFO: [ app_init ] --START--
INFO: Run Behavior\BuildLiteBehavior [ RunTime:0.000011s ]
INFO: [ app_init ] --END-- [ RunTime:0.000066s ]
INFO: [ app_begin ] --START--
INFO: Run Behavior\ReadHtmlCacheBehavior [ RunTime:0.000059s ]
INFO: [ app_begin ] --END-- [ RunTime:0.000089s ]
SQL: SHOW COLUMNS FROM `jk_system` [ RunTime:0.0006s ]
SQL: SELECT * FROM `jk_system` WHERE `SYS_ID` = 1 LIMIT 1   [ RunTime:0.0001s ]

[ 2017-10-22T16:09:06+08:00 ] 101.226.33.201 /Index.php/Shop/Index
INFO: [ app_init ] --START--
INFO: Run Behavior\BuildLiteBehavior [ RunTime:0.000022s ]
INFO: [ app_init ] --END-- [ RunTime:0.000080s ]
INFO: [ app_begin ] --START--
INFO: Run Behavior\ReadHtmlCacheBehavior [ RunTime:0.000057s ]
INFO: [ app_begin ] --END-- [ RunTime:0.000088s ]
SQL: SHOW COLUMNS FROM `jk_system` [ RunTime:0.0007s ]
SQL: SELECT * FROM `jk_system` WHERE `SYS_ID` = 1 LIMIT 1   [ RunTime:0.0001s ]

[ 2017-10-22T16:09:32+08:00 ] 101.226.125.100 /Index.php//Shop/index/confirmproject?id=217
INFO: [ app_init ] --START--
INFO: Run Behavior\BuildLiteBehavior [ RunTime:0.000012s ]
INFO: [ app_init ] --END-- [ RunTime:0.000080s ]
INFO: [ app_begin ] --START--
INFO: Run Behavior\ReadHtmlCacheBehavior [ RunTime:0.000058s ]
INFO: [ app_begin ] --END-- [ RunTime:0.000090s ]
SQL: SHOW COLUMNS FROM `jk_system` [ RunTime:0.0007s ]
SQL: SELECT * FROM `jk_system` WHERE `SYS_ID` = 1 LIMIT 1   [ RunTime:0.0001s ]

[ 2017-10-22T18:39:39+08:00 ] 117.136.19.120 /Index.php/Shop/Index/
INFO: [ app_init ] --START--
INFO: Run Behavior\BuildLiteBehavior [ RunTime:0.000012s ]
INFO: [ app_init ] --END-- [ RunTime:0.000079s ]
INFO: [ app_begin ] --START--
INFO: Run Behavior\ReadHtmlCacheBehavior [ RunTime:0.000059s ]
INFO: [ app_begin ] --END-- [ RunTime:0.000090s ]
SQL: SHOW COLUMNS FROM `jk_system` [ RunTime:0.0006s ]
SQL: SELECT * FROM `jk_system` WHERE `SYS_ID` = 1 LIMIT 1   [ RunTime:0.0001s ]
SQL: SHOW COLUMNS FROM `jk_user` [ RunTime:0.0007s ]
SQL: SELECT * FROM `jk_user` WHERE `UE_ID` = 1 LIMIT 1   [ RunTime:0.0001s ]
SQL: SHOW COLUMNS FROM `jk_font` [ RunTime:0.0003s ]
SQL: SELECT * FROM `jk_font` LIMIT 1   [ RunTime:0.0000s ]
SQL: SHOW COLUMNS FROM `jk_shop_project` [ RunTime:0.0004s ]
SQL: SELECT COUNT(*) AS tp_count FROM `jk_shop_project` WHERE ( zt>0 ) LIMIT 1   [ RunTime:0.0000s ]
SQL: SELECT * FROM `jk_shop_project` WHERE ( zt = '1' ) ORDER BY addtime desc  [ RunTime:0.0001s ]
NOTIC: [8] Undefined variable: show /www/web/gec/public_html/User/Shop/Controller/IndexController.class.php 第 22 行.
INFO: [ view_parse ] --START--
INFO: [ template_filter ] --START--
INFO: Run Behavior\ContentReplaceBehavior [ RunTime:0.000047s ]
INFO: [ template_filter ] --END-- [ RunTime:0.000081s ]
INFO: Run Behavior\ParseTemplateBehavior [ RunTime:0.002936s ]
INFO: [ view_parse ] --END-- [ RunTime:0.002974s ]
INFO: [ view_filter ] --START--
INFO: Run Behavior\WriteHtmlCacheBehavior [ RunTime:0.000059s ]
INFO: Run Behavior\TokenBuildBehavior [ RunTime:0.000056s ]
INFO: [ view_filter ] --END-- [ RunTime:0.000152s ]
INFO: [ app_end ] --START--
INFO: Run Behavior\ShowPageTraceBehavior [ RunTime:0.000065s ]
INFO: [ app_end ] --END-- [ RunTime:0.000098s ]

[ 2017-10-22T18:39:48+08:00 ] 117.136.19.120 /Index.php/Shop/Index/
INFO: [ app_init ] --START--
INFO: Run Behavior\BuildLiteBehavior [ RunTime:0.000011s ]
INFO: [ app_init ] --END-- [ RunTime:0.000069s ]
INFO: [ app_begin ] --START--
INFO: Run Behavior\ReadHtmlCacheBehavior [ RunTime:0.000071s ]
INFO: [ app_begin ] --END-- [ RunTime:0.000102s ]
SQL: SHOW COLUMNS FROM `jk_system` [ RunTime:0.0007s ]
SQL: SELECT * FROM `jk_system` WHERE `SYS_ID` = 1 LIMIT 1   [ RunTime:0.0001s ]
SQL: SHOW COLUMNS FROM `jk_user` [ RunTime:0.0007s ]
SQL: SELECT * FROM `jk_user` WHERE `UE_ID` = 1 LIMIT 1   [ RunTime:0.0001s ]
SQL: SHOW COLUMNS FROM `jk_font` [ RunTime:0.0003s ]
SQL: SELECT * FROM `jk_font` LIMIT 1   [ RunTime:0.0001s ]
SQL: SHOW COLUMNS FROM `jk_shop_project` [ RunTime:0.0004s ]
SQL: SELECT COUNT(*) AS tp_count FROM `jk_shop_project` WHERE ( zt>0 ) LIMIT 1   [ RunTime:0.0000s ]
SQL: SELECT * FROM `jk_shop_project` WHERE ( zt = '1' ) ORDER BY addtime desc  [ RunTime:0.0001s ]
NOTIC: [8] Undefined variable: show /www/web/gec/public_html/User/Shop/Controller/IndexController.class.php 第 22 行.
INFO: [ view_parse ] --START--
INFO: [ template_filter ] --START--
INFO: Run Behavior\ContentReplaceBehavior [ RunTime:0.000048s ]
INFO: [ template_filter ] --END-- [ RunTime:0.000082s ]
INFO: Run Behavior\ParseTemplateBehavior [ RunTime:0.002946s ]
INFO: [ view_parse ] --END-- [ RunTime:0.002984s ]
INFO: [ view_filter ] --START--
INFO: Run Behavior\WriteHtmlCacheBehavior [ RunTime:0.000059s ]
INFO: Run Behavior\TokenBuildBehavior [ RunTime:0.000055s ]
INFO: [ view_filter ] --END-- [ RunTime:0.000152s ]
INFO: [ app_end ] --START--
INFO: Run Behavior\ShowPageTraceBehavior [ RunTime:0.000062s ]
INFO: [ app_end ] --END-- [ RunTime:0.000095s ]

[ 2017-10-22T18:39:52+08:00 ] 117.136.19.120 /Index.php//Shop/index/jiaoyi?id=218
INFO: [ app_init ] --START--
INFO: Run Behavior\BuildLiteBehavior [ RunTime:0.000012s ]
INFO: [ app_init ] --END-- [ RunTime:0.000068s ]
INFO: [ app_begin ] --START--
INFO: Run Behavior\ReadHtmlCacheBehavior [ RunTime:0.000060s ]
INFO: [ app_begin ] --END-- [ RunTime:0.000093s ]
SQL: SHOW COLUMNS FROM `jk_system` [ RunTime:0.0007s ]
SQL: SELECT * FROM `jk_system` WHERE `SYS_ID` = 1 LIMIT 1   [ RunTime:0.0001s ]
SQL: SHOW COLUMNS FROM `jk_user` [ RunTime:0.0007s ]
SQL: SELECT * FROM `jk_user` WHERE `UE_ID` = 1 LIMIT 1   [ RunTime:0.0001s ]
SQL: SHOW COLUMNS FROM `jk_font` [ RunTime:0.0003s ]
SQL: SELECT * FROM `jk_font` LIMIT 1   [ RunTime:0.0000s ]
SQL: SHOW COLUMNS FROM `jk_shop_project` [ RunTime:0.0004s ]
SQL: SELECT * FROM `jk_shop_project` WHERE `id` = 218 LIMIT 1   [ RunTime:0.0001s ]
INFO: [ view_parse ] --START--
INFO: [ template_filter ] --START--
INFO: Run Behavior\ContentReplaceBehavior [ RunTime:0.000041s ]
INFO: [ template_filter ] --END-- [ RunTime:0.000076s ]
INFO: Run Behavior\ParseTemplateBehavior [ RunTime:0.001583s ]
INFO: [ view_parse ] --END-- [ RunTime:0.001632s ]
INFO: [ view_filter ] --START--
INFO: Run Behavior\WriteHtmlCacheBehavior [ RunTime:0.000059s ]
INFO: Run Behavior\TokenBuildBehavior [ RunTime:0.000052s ]
INFO: [ view_filter ] --END-- [ RunTime:0.000149s ]
INFO: [ app_end ] --START--
INFO: Run Behavior\ShowPageTraceBehavior [ RunTime:0.000052s ]
INFO: [ app_end ] --END-- [ RunTime:0.000076s ]

[ 2017-10-22T18:39:53+08:00 ] 117.136.19.120 /Index.php//Shop/index/confirmproject?id=218
INFO: [ app_init ] --START--
INFO: Run Behavior\BuildLiteBehavior [ RunTime:0.000012s ]
INFO: [ app_init ] --END-- [ RunTime:0.000069s ]
INFO: [ app_begin ] --START--
INFO: Run Behavior\ReadHtmlCacheBehavior [ RunTime:0.000060s ]
INFO: [ app_begin ] --END-- [ RunTime:0.000092s ]
SQL: SHOW COLUMNS FROM `jk_system` [ RunTime:0.0012s ]
SQL: SELECT * FROM `jk_system` WHERE `SYS_ID` = 1 LIMIT 1   [ RunTime:0.0001s ]
SQL: SHOW COLUMNS FROM `jk_user` [ RunTime:0.0007s ]
SQL: SELECT * FROM `jk_user` WHERE `UE_ID` = 1 LIMIT 1   [ RunTime:0.0001s ]
SQL: SHOW COLUMNS FROM `jk_font` [ RunTime:0.0003s ]
SQL: SELECT * FROM `jk_font` LIMIT 1   [ RunTime:0.0000s ]
SQL: SHOW COLUMNS FROM `jk_shop_project` [ RunTime:0.0004s ]
SQL: SELECT * FROM `jk_shop_project` WHERE `id` = 218 LIMIT 1   [ RunTime:0.0001s ]
SQL: SELECT * FROM `jk_user` WHERE `UE_account` = '15515551555' LIMIT 1   [ RunTime:0.0001s ]
INFO: [ view_parse ] --START--
INFO: [ template_filter ] --START--
INFO: Run Behavior\ContentReplaceBehavior [ RunTime:0.000034s ]
INFO: [ template_filter ] --END-- [ RunTime:0.000067s ]
INFO: Run Behavior\ParseTemplateBehavior [ RunTime:0.001686s ]
INFO: [ view_parse ] --END-- [ RunTime:0.001735s ]
INFO: [ view_filter ] --START--
INFO: Run Behavior\WriteHtmlCacheBehavior [ RunTime:0.000060s ]
INFO: Run Behavior\TokenBuildBehavior [ RunTime:0.000054s ]
INFO: [ view_filter ] --END-- [ RunTime:0.000152s ]

[ 2017-10-22T18:39:54+08:00 ] 163.177.90.152 /Index.php//Shop/index/jiaoyi?id=218
INFO: [ app_init ] --START--
INFO: Run Behavior\BuildLiteBehavior [ RunTime:0.000012s ]
INFO: [ app_init ] --END-- [ RunTime:0.000077s ]
INFO: [ app_begin ] --START--
INFO: Run Behavior\ReadHtmlCacheBehavior [ RunTime:0.000066s ]
INFO: [ app_begin ] --END-- [ RunTime:0.000101s ]
SQL: SHOW COLUMNS FROM `jk_system` [ RunTime:0.0007s ]
SQL: SELECT * FROM `jk_system` WHERE `SYS_ID` = 1 LIMIT 1   [ RunTime:0.0001s ]

[ 2017-10-22T18:39:59+08:00 ] 117.136.19.120 /Index.php//Shop/index/confirmproject?id=218
INFO: [ app_init ] --START--
INFO: Run Behavior\BuildLiteBehavior [ RunTime:0.000023s ]
INFO: [ app_init ] --END-- [ RunTime:0.000086s ]
INFO: [ app_begin ] --START--
INFO: Run Behavior\ReadHtmlCacheBehavior [ RunTime:0.000059s ]
INFO: [ app_begin ] --END-- [ RunTime:0.000090s ]
SQL: SHOW COLUMNS FROM `jk_system` [ RunTime:0.0007s ]
SQL: SELECT * FROM `jk_system` WHERE `SYS_ID` = 1 LIMIT 1   [ RunTime:0.0001s ]
SQL: SHOW COLUMNS FROM `jk_user` [ RunTime:0.0007s ]
SQL: SELECT * FROM `jk_user` WHERE `UE_ID` = 1 LIMIT 1   [ RunTime:0.0001s ]
SQL: SHOW COLUMNS FROM `jk_font` [ RunTime:0.0003s ]
SQL: SELECT * FROM `jk_font` LIMIT 1   [ RunTime:0.0001s ]
SQL: SHOW COLUMNS FROM `jk_shop_project` [ RunTime:0.0004s ]
SQL: SELECT * FROM `jk_shop_project` WHERE `id` = 218 LIMIT 1   [ RunTime:0.0001s ]
SQL: SELECT * FROM `jk_user` WHERE `UE_account` = '15515551555' LIMIT 1   [ RunTime:0.0001s ]
INFO: [ view_parse ] --START--
INFO: [ template_filter ] --START--
INFO: Run Behavior\ContentReplaceBehavior [ RunTime:0.000033s ]
INFO: [ template_filter ] --END-- [ RunTime:0.000076s ]
INFO: Run Behavior\ParseTemplateBehavior [ RunTime:0.001688s ]
INFO: [ view_parse ] --END-- [ RunTime:0.001726s ]
INFO: [ view_filter ] --START--
INFO: Run Behavior\WriteHtmlCacheBehavior [ RunTime:0.000060s ]
INFO: Run Behavior\TokenBuildBehavior [ RunTime:0.000053s ]
INFO: [ view_filter ] --END-- [ RunTime:0.000152s ]

[ 2017-10-22T18:40:09+08:00 ] 117.136.19.120 /Index.php//Shop/index/jiaoyi?id=217
INFO: [ app_init ] --START--
INFO: Run Behavior\BuildLiteBehavior [ RunTime:0.000012s ]
INFO: [ app_init ] --END-- [ RunTime:0.000069s ]
INFO: [ app_begin ] --START--
INFO: Run Behavior\ReadHtmlCacheBehavior [ RunTime:0.000058s ]
INFO: [ app_begin ] --END-- [ RunTime:0.000089s ]
SQL: SHOW COLUMNS FROM `jk_system` [ RunTime:0.0007s ]
SQL: SELECT * FROM `jk_system` WHERE `SYS_ID` = 1 LIMIT 1   [ RunTime:0.0001s ]
SQL: SHOW COLUMNS FROM `jk_user` [ RunTime:0.0007s ]
SQL: SELECT * FROM `jk_user` WHERE `UE_ID` = 1 LIMIT 1   [ RunTime:0.0001s ]
SQL: SHOW COLUMNS FROM `jk_font` [ RunTime:0.0003s ]
SQL: SELECT * FROM `jk_font` LIMIT 1   [ RunTime:0.0001s ]
SQL: SHOW COLUMNS FROM `jk_shop_project` [ RunTime:0.0004s ]
SQL: SELECT * FROM `jk_shop_project` WHERE `id` = 217 LIMIT 1   [ RunTime:0.0001s ]
INFO: [ view_parse ] --START--
INFO: [ template_filter ] --START--
INFO: Run Behavior\ContentReplaceBehavior [ RunTime:0.000043s ]
INFO: [ template_filter ] --END-- [ RunTime:0.000087s ]
INFO: Run Behavior\ParseTemplateBehavior [ RunTime:0.001592s ]
INFO: [ view_parse ] --END-- [ RunTime:0.001628s ]
INFO: [ view_filter ] --START--
INFO: Run Behavior\WriteHtmlCacheBehavior [ RunTime:0.000058s ]
INFO: Run Behavior\TokenBuildBehavior [ RunTime:0.000051s ]
INFO: [ view_filter ] --END-- [ RunTime:0.000148s ]
INFO: [ app_end ] --START--
INFO: Run Behavior\ShowPageTraceBehavior [ RunTime:0.000052s ]
INFO: [ app_end ] --END-- [ RunTime:0.000076s ]

[ 2017-10-22T18:40:11+08:00 ] 117.136.19.120 /Index.php//Shop/index/confirmproject?id=217
INFO: [ app_init ] --START--
INFO: Run Behavior\BuildLiteBehavior [ RunTime:0.000012s ]
INFO: [ app_init ] --END-- [ RunTime:0.000087s ]
INFO: [ app_begin ] --START--
INFO: Run Behavior\ReadHtmlCacheBehavior [ RunTime:0.000075s ]
INFO: [ app_begin ] --END-- [ RunTime:0.000111s ]
SQL: SHOW COLUMNS FROM `jk_system` [ RunTime:0.0007s ]
SQL: SELECT * FROM `jk_system` WHERE `SYS_ID` = 1 LIMIT 1   [ RunTime:0.0001s ]
SQL: SHOW COLUMNS FROM `jk_user` [ RunTime:0.0007s ]
SQL: SELECT * FROM `jk_user` WHERE `UE_ID` = 1 LIMIT 1   [ RunTime:0.0001s ]
SQL: SHOW COLUMNS FROM `jk_font` [ RunTime:0.0003s ]
SQL: SELECT * FROM `jk_font` LIMIT 1   [ RunTime:0.0000s ]
SQL: SHOW COLUMNS FROM `jk_shop_project` [ RunTime:0.0004s ]
SQL: SELECT * FROM `jk_shop_project` WHERE `id` = 217 LIMIT 1   [ RunTime:0.0001s ]
SQL: SELECT * FROM `jk_user` WHERE `UE_account` = '15515551555' LIMIT 1   [ RunTime:0.0001s ]
SQL: UPDATE `jk_user` SET `UE_money`=UE_money-1000 WHERE `UE_account` = '15515551555' [ RunTime:0.0002s ]
SQL: UPDATE `jk_user` SET `kjzt`='1' WHERE `UE_account` = '15515551555' [ RunTime:0.0001s ]
SQL: SHOW COLUMNS FROM `jk_shop_orderform` [ RunTime:0.0003s ]
SQL: INSERT INTO `jk_shop_orderform` (`user`,`project`,`enproject`,`yxzq`,`sumprice`,`addtime`,`username`,`imagepath`,`lixi`,`qwsl`,`kjsl`,`kjbh`) VALUES ('15515551555','中型云矿机','Medium cloud machine','720','1000','2017-10-22 18:40:11','GEC','/Uploads/Pic/2017-03-01/58b6b0cee82c6.png','1.80555556','','1','G226881195') [ RunTime:0.0002s ]
SQL: SELECT * FROM `jk_user` WHERE `UE_account` = null LIMIT 1   [ RunTime:0.0002s ]

[ 2017-10-22T18:40:19+08:00 ] 117.136.19.120 /Index.php/Shop/Index/
INFO: [ app_init ] --START--
INFO: Run Behavior\BuildLiteBehavior [ RunTime:0.000012s ]
INFO: [ app_init ] --END-- [ RunTime:0.000076s ]
INFO: [ app_begin ] --START--
INFO: Run Behavior\ReadHtmlCacheBehavior [ RunTime:0.000071s ]
INFO: [ app_begin ] --END-- [ RunTime:0.000106s ]
SQL: SHOW COLUMNS FROM `jk_system` [ RunTime:0.0007s ]
SQL: SELECT * FROM `jk_system` WHERE `SYS_ID` = 1 LIMIT 1   [ RunTime:0.0001s ]
SQL: SHOW COLUMNS FROM `jk_user` [ RunTime:0.0008s ]
SQL: SELECT * FROM `jk_user` WHERE `UE_ID` = 1 LIMIT 1   [ RunTime:0.0001s ]
SQL: SHOW COLUMNS FROM `jk_font` [ RunTime:0.0004s ]
SQL: SELECT * FROM `jk_font` LIMIT 1   [ RunTime:0.0001s ]
SQL: SHOW COLUMNS FROM `jk_shop_project` [ RunTime:0.0004s ]
SQL: SELECT COUNT(*) AS tp_count FROM `jk_shop_project` WHERE ( zt>0 ) LIMIT 1   [ RunTime:0.0001s ]
SQL: SELECT * FROM `jk_shop_project` WHERE ( zt = '1' ) ORDER BY addtime desc  [ RunTime:0.0001s ]
NOTIC: [8] Undefined variable: show /www/web/gec/public_html/User/Shop/Controller/IndexController.class.php 第 22 行.
INFO: [ view_parse ] --START--
INFO: [ template_filter ] --START--
INFO: Run Behavior\ContentReplaceBehavior [ RunTime:0.000047s ]
INFO: [ template_filter ] --END-- [ RunTime:0.000089s ]
INFO: Run Behavior\ParseTemplateBehavior [ RunTime:0.002980s ]
INFO: [ view_parse ] --END-- [ RunTime:0.003016s ]
INFO: [ view_filter ] --START--
INFO: Run Behavior\WriteHtmlCacheBehavior [ RunTime:0.000059s ]
INFO: Run Behavior\TokenBuildBehavior [ RunTime:0.000056s ]
INFO: [ view_filter ] --END-- [ RunTime:0.000152s ]
INFO: [ app_end ] --START--
INFO: Run Behavior\ShowPageTraceBehavior [ RunTime:0.000062s ]
INFO: [ app_end ] --END-- [ RunTime:0.000095s ]

[ 2017-10-22T18:40:20+08:00 ] 117.136.19.120 /Index.php//Shop/index/jiaoyi?id=217
INFO: [ app_init ] --START--
INFO: Run Behavior\BuildLiteBehavior [ RunTime:0.000011s ]
INFO: [ app_init ] --END-- [ RunTime:0.000068s ]
INFO: [ app_begin ] --START--
INFO: Run Behavior\ReadHtmlCacheBehavior [ RunTime:0.000059s ]
INFO: [ app_begin ] --END-- [ RunTime:0.000090s ]
SQL: SHOW COLUMNS FROM `jk_system` [ RunTime:0.0006s ]
SQL: SELECT * FROM `jk_system` WHERE `SYS_ID` = 1 LIMIT 1   [ RunTime:0.0001s ]
SQL: SHOW COLUMNS FROM `jk_user` [ RunTime:0.0007s ]
SQL: SELECT * FROM `jk_user` WHERE `UE_ID` = 1 LIMIT 1   [ RunTime:0.0001s ]
SQL: SHOW COLUMNS FROM `jk_font` [ RunTime:0.0003s ]
SQL: SELECT * FROM `jk_font` LIMIT 1   [ RunTime:0.0000s ]
SQL: SHOW COLUMNS FROM `jk_shop_project` [ RunTime:0.0003s ]
SQL: SELECT * FROM `jk_shop_project` WHERE `id` = 217 LIMIT 1   [ RunTime:0.0001s ]
INFO: [ view_parse ] --START--
INFO: [ template_filter ] --START--
INFO: Run Behavior\ContentReplaceBehavior [ RunTime:0.000042s ]
INFO: [ template_filter ] --END-- [ RunTime:0.000076s ]
INFO: Run Behavior\ParseTemplateBehavior [ RunTime:0.001571s ]
INFO: [ view_parse ] --END-- [ RunTime:0.001608s ]
INFO: [ view_filter ] --START--
INFO: Run Behavior\WriteHtmlCacheBehavior [ RunTime:0.000058s ]
INFO: Run Behavior\TokenBuildBehavior [ RunTime:0.000066s ]
INFO: [ view_filter ] --END-- [ RunTime:0.000162s ]
INFO: [ app_end ] --START--
INFO: Run Behavior\ShowPageTraceBehavior [ RunTime:0.000052s ]
INFO: [ app_end ] --END-- [ RunTime:0.000076s ]

[ 2017-10-22T18:40:23+08:00 ] 117.136.19.120 /Index.php//Shop/index/confirmproject?id=217
INFO: [ app_init ] --START--
INFO: Run Behavior\BuildLiteBehavior [ RunTime:0.000012s ]
INFO: [ app_init ] --END-- [ RunTime:0.000072s ]
INFO: [ app_begin ] --START--
INFO: Run Behavior\ReadHtmlCacheBehavior [ RunTime:0.000097s ]
INFO: [ app_begin ] --END-- [ RunTime:0.000132s ]
SQL: SHOW COLUMNS FROM `jk_system` [ RunTime:0.0007s ]
SQL: SELECT * FROM `jk_system` WHERE `SYS_ID` = 1 LIMIT 1   [ RunTime:0.0001s ]
SQL: SHOW COLUMNS FROM `jk_user` [ RunTime:0.0008s ]
SQL: SELECT * FROM `jk_user` WHERE `UE_ID` = 1 LIMIT 1   [ RunTime:0.0001s ]
SQL: SHOW COLUMNS FROM `jk_font` [ RunTime:0.0004s ]
SQL: SELECT * FROM `jk_font` LIMIT 1   [ RunTime:0.0001s ]
SQL: SHOW COLUMNS FROM `jk_shop_project` [ RunTime:0.0004s ]
SQL: SELECT * FROM `jk_shop_project` WHERE `id` = 217 LIMIT 1   [ RunTime:0.0001s ]
SQL: SELECT * FROM `jk_user` WHERE `UE_account` = '15515551555' LIMIT 1   [ RunTime:0.0001s ]
SQL: UPDATE `jk_user` SET `UE_money`=UE_money-1000 WHERE `UE_account` = '15515551555' [ RunTime:0.0002s ]
SQL: UPDATE `jk_user` SET `kjzt`='1' WHERE `UE_account` = '15515551555' [ RunTime:0.0001s ]
SQL: SHOW COLUMNS FROM `jk_shop_orderform` [ RunTime:0.0004s ]
SQL: INSERT INTO `jk_shop_orderform` (`user`,`project`,`enproject`,`yxzq`,`sumprice`,`addtime`,`username`,`imagepath`,`lixi`,`qwsl`,`kjsl`,`kjbh`) VALUES ('15515551555','中型云矿机','Medium cloud machine','720','1000','2017-10-22 18:40:23','GEC','/Uploads/Pic/2017-03-01/58b6b0cee82c6.png','1.80555556','','1','G226882360') [ RunTime:0.0002s ]
SQL: SELECT * FROM `jk_user` WHERE `UE_account` = null LIMIT 1   [ RunTime:0.0003s ]

[ 2017-10-22T18:42:16+08:00 ] 117.136.19.120 /Index.php//Shop/index/jiaoyi?id=217
INFO: [ app_init ] --START--
INFO: Run Behavior\BuildLiteBehavior [ RunTime:0.000011s ]
INFO: [ app_init ] --END-- [ RunTime:0.000068s ]
INFO: [ app_begin ] --START--
INFO: Run Behavior\ReadHtmlCacheBehavior [ RunTime:0.000067s ]
INFO: [ app_begin ] --END-- [ RunTime:0.000098s ]
SQL: SHOW COLUMNS FROM `jk_system` [ RunTime:0.0007s ]
SQL: SELECT * FROM `jk_system` WHERE `SYS_ID` = 1 LIMIT 1   [ RunTime:0.0001s ]
SQL: SHOW COLUMNS FROM `jk_user` [ RunTime:0.0007s ]
SQL: SELECT * FROM `jk_user` WHERE `UE_ID` = 1 LIMIT 1   [ RunTime:0.0001s ]
SQL: SHOW COLUMNS FROM `jk_font` [ RunTime:0.0003s ]
SQL: SELECT * FROM `jk_font` LIMIT 1   [ RunTime:0.0000s ]
SQL: SHOW COLUMNS FROM `jk_shop_project` [ RunTime:0.0003s ]
SQL: SELECT * FROM `jk_shop_project` WHERE `id` = 217 LIMIT 1   [ RunTime:0.0001s ]
INFO: [ view_parse ] --START--
INFO: [ template_filter ] --START--
INFO: Run Behavior\ContentReplaceBehavior [ RunTime:0.000041s ]
INFO: [ template_filter ] --END-- [ RunTime:0.000076s ]
INFO: Run Behavior\ParseTemplateBehavior [ RunTime:0.001589s ]
INFO: [ view_parse ] --END-- [ RunTime:0.001624s ]
INFO: [ view_filter ] --START--
INFO: Run Behavior\WriteHtmlCacheBehavior [ RunTime:0.000057s ]
INFO: Run Behavior\TokenBuildBehavior [ RunTime:0.000064s ]
INFO: [ view_filter ] --END-- [ RunTime:0.000160s ]
INFO: [ app_end ] --START--
INFO: Run Behavior\ShowPageTraceBehavior [ RunTime:0.000052s ]
INFO: [ app_end ] --END-- [ RunTime:0.000076s ]

[ 2017-10-22T18:42:16+08:00 ] 117.136.19.120 /Index.php/Shop/Index/
INFO: [ app_init ] --START--
INFO: Run Behavior\BuildLiteBehavior [ RunTime:0.000011s ]
INFO: [ app_init ] --END-- [ RunTime:0.000071s ]
INFO: [ app_begin ] --START--
INFO: Run Behavior\ReadHtmlCacheBehavior [ RunTime:0.000071s ]
INFO: [ app_begin ] --END-- [ RunTime:0.000102s ]
SQL: SHOW COLUMNS FROM `jk_system` [ RunTime:0.0007s ]
SQL: SELECT * FROM `jk_system` WHERE `SYS_ID` = 1 LIMIT 1   [ RunTime:0.0001s ]
SQL: SHOW COLUMNS FROM `jk_user` [ RunTime:0.0007s ]
SQL: SELECT * FROM `jk_user` WHERE `UE_ID` = 1 LIMIT 1   [ RunTime:0.0001s ]
SQL: SHOW COLUMNS FROM `jk_font` [ RunTime:0.0003s ]
SQL: SELECT * FROM `jk_font` LIMIT 1   [ RunTime:0.0000s ]
SQL: SHOW COLUMNS FROM `jk_shop_project` [ RunTime:0.0004s ]
SQL: SELECT COUNT(*) AS tp_count FROM `jk_shop_project` WHERE ( zt>0 ) LIMIT 1   [ RunTime:0.0000s ]
SQL: SELECT * FROM `jk_shop_project` WHERE ( zt = '1' ) ORDER BY addtime desc  [ RunTime:0.0001s ]
NOTIC: [8] Undefined variable: show /www/web/gec/public_html/User/Shop/Controller/IndexController.class.php 第 22 行.
INFO: [ view_parse ] --START--
INFO: [ template_filter ] --START--
INFO: Run Behavior\ContentReplaceBehavior [ RunTime:0.000048s ]
INFO: [ template_filter ] --END-- [ RunTime:0.000082s ]
INFO: Run Behavior\ParseTemplateBehavior [ RunTime:0.002953s ]
INFO: [ view_parse ] --END-- [ RunTime:0.002990s ]
INFO: [ view_filter ] --START--
INFO: Run Behavior\WriteHtmlCacheBehavior [ RunTime:0.000059s ]
INFO: Run Behavior\TokenBuildBehavior [ RunTime:0.000055s ]
INFO: [ view_filter ] --END-- [ RunTime:0.000152s ]
INFO: [ app_end ] --START--
INFO: Run Behavior\ShowPageTraceBehavior [ RunTime:0.000061s ]
INFO: [ app_end ] --END-- [ RunTime:0.000094s ]

