[ 2017-10-25T00:02:11+08:00 ] 106.91.176.249 /Index.php/Shop/Index/
INFO: [ app_init ] --START--
INFO: Run Behavior\BuildLiteBehavior [ RunTime:0.000011s ]
INFO: [ app_init ] --END-- [ RunTime:0.000070s ]
INFO: [ app_begin ] --START--
INFO: Run Behavior\ReadHtmlCacheBehavior [ RunTime:0.000067s ]
INFO: [ app_begin ] --END-- [ RunTime:0.000100s ]
SQL: SHOW COLUMNS FROM `jk_system` [ RunTime:0.0007s ]
SQL: SELECT * FROM `jk_system` WHERE `SYS_ID` = 1 LIMIT 1   [ RunTime:0.0001s ]
SQL: SHOW COLUMNS FROM `jk_user` [ RunTime:0.0008s ]
SQL: SELECT * FROM `jk_user` WHERE `UE_ID` = 1 LIMIT 1   [ RunTime:0.0001s ]
SQL: SHOW COLUMNS FROM `jk_font` [ RunTime:0.0003s ]
SQL: SELECT * FROM `jk_font` LIMIT 1   [ RunTime:0.0000s ]
SQL: SHOW COLUMNS FROM `jk_shop_project` [ RunTime:0.0004s ]
SQL: SELECT COUNT(*) AS tp_count FROM `jk_shop_project` WHERE ( zt>0 ) LIMIT 1   [ RunTime:0.0001s ]
SQL: SELECT * FROM `jk_shop_project` WHERE ( zt = '1' ) ORDER BY addtime desc  [ RunTime:0.0001s ]
NOTIC: [8] Undefined variable: show /www/web/gec/public_html/User/Shop/Controller/IndexController.class.php 第 22 行.
INFO: [ view_parse ] --START--
INFO: [ template_filter ] --START--
INFO: Run Behavior\ContentReplaceBehavior [ RunTime:0.000047s ]
INFO: [ template_filter ] --END-- [ RunTime:0.000085s ]
INFO: Run Behavior\ParseTemplateBehavior [ RunTime:0.003147s ]
INFO: [ view_parse ] --END-- [ RunTime:0.003186s ]
INFO: [ view_filter ] --START--
INFO: Run Behavior\WriteHtmlCacheBehavior [ RunTime:0.000058s ]
INFO: Run Behavior\TokenBuildBehavior [ RunTime:0.000056s ]
INFO: [ view_filter ] --END-- [ RunTime:0.000151s ]
INFO: [ app_end ] --START--
INFO: Run Behavior\ShowPageTraceBehavior [ RunTime:0.000070s ]
INFO: [ app_end ] --END-- [ RunTime:0.000104s ]

[ 2017-10-25T00:02:15+08:00 ] 106.91.176.249 /Index.php//Shop/index/jiaoyi?id=219
INFO: [ app_init ] --START--
INFO: Run Behavior\BuildLiteBehavior [ RunTime:0.000011s ]
INFO: [ app_init ] --END-- [ RunTime:0.000069s ]
INFO: [ app_begin ] --START--
INFO: Run Behavior\ReadHtmlCacheBehavior [ RunTime:0.000059s ]
INFO: [ app_begin ] --END-- [ RunTime:0.000091s ]
SQL: SHOW COLUMNS FROM `jk_system` [ RunTime:0.0006s ]
SQL: SELECT * FROM `jk_system` WHERE `SYS_ID` = 1 LIMIT 1   [ RunTime:0.0001s ]
SQL: SHOW COLUMNS FROM `jk_user` [ RunTime:0.0008s ]
SQL: SELECT * FROM `jk_user` WHERE `UE_ID` = 1 LIMIT 1   [ RunTime:0.0001s ]
SQL: SHOW COLUMNS FROM `jk_font` [ RunTime:0.0004s ]
SQL: SELECT * FROM `jk_font` LIMIT 1   [ RunTime:0.0000s ]
SQL: SHOW COLUMNS FROM `jk_shop_project` [ RunTime:0.0004s ]
SQL: SELECT * FROM `jk_shop_project` WHERE `id` = 219 LIMIT 1   [ RunTime:0.0002s ]
INFO: [ view_parse ] --START--
INFO: [ template_filter ] --START--
INFO: Run Behavior\ContentReplaceBehavior [ RunTime:0.000042s ]
INFO: [ template_filter ] --END-- [ RunTime:0.000086s ]
INFO: Run Behavior\ParseTemplateBehavior [ RunTime:0.001655s ]
INFO: [ view_parse ] --END-- [ RunTime:0.001695s ]
INFO: [ view_filter ] --START--
INFO: Run Behavior\WriteHtmlCacheBehavior [ RunTime:0.000085s ]
INFO: Run Behavior\TokenBuildBehavior [ RunTime:0.000056s ]
INFO: [ view_filter ] --END-- [ RunTime:0.000189s ]
INFO: [ app_end ] --START--
INFO: Run Behavior\ShowPageTraceBehavior [ RunTime:0.000051s ]
INFO: [ app_end ] --END-- [ RunTime:0.000075s ]

[ 2017-10-25T00:02:18+08:00 ] 106.91.176.249 /Index.php//Shop/index/confirmproject?id=219
INFO: [ app_init ] --START--
INFO: Run Behavior\BuildLiteBehavior [ RunTime:0.000011s ]
INFO: [ app_init ] --END-- [ RunTime:0.000068s ]
INFO: [ app_begin ] --START--
INFO: Run Behavior\ReadHtmlCacheBehavior [ RunTime:0.000057s ]
INFO: [ app_begin ] --END-- [ RunTime:0.000088s ]
SQL: SHOW COLUMNS FROM `jk_system` [ RunTime:0.0007s ]
SQL: SELECT * FROM `jk_system` WHERE `SYS_ID` = 1 LIMIT 1   [ RunTime:0.0001s ]
SQL: SHOW COLUMNS FROM `jk_user` [ RunTime:0.0007s ]
SQL: SELECT * FROM `jk_user` WHERE `UE_ID` = 1 LIMIT 1   [ RunTime:0.0001s ]
SQL: SHOW COLUMNS FROM `jk_font` [ RunTime:0.0003s ]
SQL: SELECT * FROM `jk_font` LIMIT 1   [ RunTime:0.0000s ]
SQL: SHOW COLUMNS FROM `jk_shop_project` [ RunTime:0.0004s ]
SQL: SELECT * FROM `jk_shop_project` WHERE `id` = 219 LIMIT 1   [ RunTime:0.0001s ]
SQL: SELECT * FROM `jk_user` WHERE `UE_account` = '15515551555' LIMIT 1   [ RunTime:0.0001s ]
INFO: [ view_parse ] --START--
INFO: [ template_filter ] --START--
INFO: Run Behavior\ContentReplaceBehavior [ RunTime:0.000032s ]
INFO: [ template_filter ] --END-- [ RunTime:0.000065s ]
INFO: Run Behavior\ParseTemplateBehavior [ RunTime:0.001924s ]
INFO: [ view_parse ] --END-- [ RunTime:0.001972s ]
INFO: [ view_filter ] --START--
INFO: Run Behavior\WriteHtmlCacheBehavior [ RunTime:0.000059s ]
INFO: Run Behavior\TokenBuildBehavior [ RunTime:0.000050s ]
INFO: [ view_filter ] --END-- [ RunTime:0.000147s ]

[ 2017-10-25T00:02:18+08:00 ] 106.91.176.249 /Index.php//Shop/index/favicon.ico
INFO: [ app_init ] --START--
INFO: Run Behavior\BuildLiteBehavior [ RunTime:0.000010s ]
INFO: [ app_init ] --END-- [ RunTime:0.000069s ]

[ 2017-10-25T00:15:06+08:00 ] 106.91.176.249 /Index.php/Shop/Index/
INFO: [ app_init ] --START--
INFO: Run Behavior\BuildLiteBehavior [ RunTime:0.000010s ]
INFO: [ app_init ] --END-- [ RunTime:0.000057s ]
INFO: [ app_begin ] --START--
INFO: Run Behavior\ReadHtmlCacheBehavior [ RunTime:0.000057s ]
INFO: [ app_begin ] --END-- [ RunTime:0.000088s ]
SQL: SHOW COLUMNS FROM `jk_system` [ RunTime:0.0006s ]
SQL: SELECT * FROM `jk_system` WHERE `SYS_ID` = 1 LIMIT 1   [ RunTime:0.0001s ]
SQL: SHOW COLUMNS FROM `jk_user` [ RunTime:0.0007s ]
SQL: SELECT * FROM `jk_user` WHERE `UE_ID` = 1 LIMIT 1   [ RunTime:0.0001s ]
SQL: SHOW COLUMNS FROM `jk_font` [ RunTime:0.0003s ]
SQL: SELECT * FROM `jk_font` LIMIT 1   [ RunTime:0.0000s ]
SQL: SHOW COLUMNS FROM `jk_shop_project` [ RunTime:0.0004s ]
SQL: SELECT COUNT(*) AS tp_count FROM `jk_shop_project` WHERE ( zt>0 ) LIMIT 1   [ RunTime:0.0000s ]
SQL: SELECT * FROM `jk_shop_project` WHERE ( zt = '1' ) ORDER BY addtime desc  [ RunTime:0.0001s ]
NOTIC: [8] Undefined variable: show /www/web/gec/public_html/User/Shop/Controller/IndexController.class.php 第 22 行.
INFO: [ view_parse ] --START--
INFO: [ template_filter ] --START--
INFO: Run Behavior\ContentReplaceBehavior [ RunTime:0.000056s ]
INFO: [ template_filter ] --END-- [ RunTime:0.000091s ]
INFO: Run Behavior\ParseTemplateBehavior [ RunTime:0.002956s ]
INFO: [ view_parse ] --END-- [ RunTime:0.002992s ]
INFO: [ view_filter ] --START--
INFO: Run Behavior\WriteHtmlCacheBehavior [ RunTime:0.000057s ]
INFO: Run Behavior\TokenBuildBehavior [ RunTime:0.000054s ]
INFO: [ view_filter ] --END-- [ RunTime:0.000149s ]
INFO: [ app_end ] --START--
INFO: Run Behavior\ShowPageTraceBehavior [ RunTime:0.000061s ]
INFO: [ app_end ] --END-- [ RunTime:0.000093s ]

[ 2017-10-25T00:15:45+08:00 ] 106.91.176.249 /Index.php/Shop/Index/
INFO: [ app_init ] --START--
INFO: Run Behavior\BuildLiteBehavior [ RunTime:0.000013s ]
INFO: [ app_init ] --END-- [ RunTime:0.000093s ]
INFO: [ app_begin ] --START--
INFO: Run Behavior\ReadHtmlCacheBehavior [ RunTime:0.000067s ]
INFO: [ app_begin ] --END-- [ RunTime:0.000104s ]
SQL: SHOW COLUMNS FROM `jk_system` [ RunTime:0.0017s ]
SQL: SELECT * FROM `jk_system` WHERE `SYS_ID` = 1 LIMIT 1   [ RunTime:0.0001s ]
SQL: SHOW COLUMNS FROM `jk_user` [ RunTime:0.0008s ]
SQL: SELECT * FROM `jk_user` WHERE `UE_ID` = 1 LIMIT 1   [ RunTime:0.0001s ]
SQL: SHOW COLUMNS FROM `jk_font` [ RunTime:0.0004s ]
SQL: SELECT * FROM `jk_font` LIMIT 1   [ RunTime:0.0000s ]
SQL: SHOW COLUMNS FROM `jk_shop_project` [ RunTime:0.0004s ]
SQL: SELECT COUNT(*) AS tp_count FROM `jk_shop_project` WHERE ( zt>0 ) LIMIT 1   [ RunTime:0.0000s ]
SQL: SELECT * FROM `jk_shop_project` WHERE ( zt = '1' ) ORDER BY addtime desc  [ RunTime:0.0001s ]
NOTIC: [8] Undefined variable: show /www/web/gec/public_html/User/Shop/Controller/IndexController.class.php 第 22 行.
INFO: [ view_parse ] --START--
INFO: [ template_filter ] --START--
INFO: Run Behavior\ContentReplaceBehavior [ RunTime:0.000048s ]
INFO: [ template_filter ] --END-- [ RunTime:0.000084s ]
INFO: Run Behavior\ParseTemplateBehavior [ RunTime:0.003050s ]
INFO: [ view_parse ] --END-- [ RunTime:0.003088s ]
INFO: [ view_filter ] --START--
INFO: Run Behavior\WriteHtmlCacheBehavior [ RunTime:0.000059s ]
INFO: Run Behavior\TokenBuildBehavior [ RunTime:0.000054s ]
INFO: [ view_filter ] --END-- [ RunTime:0.000151s ]
INFO: [ app_end ] --START--
INFO: Run Behavior\ShowPageTraceBehavior [ RunTime:0.000063s ]
INFO: [ app_end ] --END-- [ RunTime:0.000097s ]

[ 2017-10-25T00:19:57+08:00 ] 223.64.186.1 /Index.php/Shop/Index/
INFO: [ app_init ] --START--
INFO: Run Behavior\BuildLiteBehavior [ RunTime:0.000011s ]
INFO: [ app_init ] --END-- [ RunTime:0.000069s ]
INFO: [ app_begin ] --START--
INFO: Run Behavior\ReadHtmlCacheBehavior [ RunTime:0.000059s ]
INFO: [ app_begin ] --END-- [ RunTime:0.000091s ]
SQL: SHOW COLUMNS FROM `jk_system` [ RunTime:0.0007s ]
SQL: SELECT * FROM `jk_system` WHERE `SYS_ID` = 1 LIMIT 1   [ RunTime:0.0001s ]
SQL: SHOW COLUMNS FROM `jk_user` [ RunTime:0.0007s ]
SQL: SELECT * FROM `jk_user` WHERE `UE_ID` = 1 LIMIT 1   [ RunTime:0.0001s ]
SQL: SHOW COLUMNS FROM `jk_font` [ RunTime:0.0003s ]
SQL: SELECT * FROM `jk_font` LIMIT 1   [ RunTime:0.0000s ]
SQL: SHOW COLUMNS FROM `jk_shop_project` [ RunTime:0.0003s ]
SQL: SELECT COUNT(*) AS tp_count FROM `jk_shop_project` WHERE ( zt>0 ) LIMIT 1   [ RunTime:0.0000s ]
SQL: SELECT * FROM `jk_shop_project` WHERE ( zt = '1' ) ORDER BY addtime desc  [ RunTime:0.0001s ]
NOTIC: [8] Undefined variable: show /www/web/gec/public_html/User/Shop/Controller/IndexController.class.php 第 22 行.
INFO: [ view_parse ] --START--
INFO: [ template_filter ] --START--
INFO: Run Behavior\ContentReplaceBehavior [ RunTime:0.000058s ]
INFO: [ template_filter ] --END-- [ RunTime:0.000094s ]
INFO: Run Behavior\ParseTemplateBehavior [ RunTime:0.003033s ]
INFO: [ view_parse ] --END-- [ RunTime:0.003069s ]
INFO: [ view_filter ] --START--
INFO: Run Behavior\WriteHtmlCacheBehavior [ RunTime:0.000066s ]
INFO: Run Behavior\TokenBuildBehavior [ RunTime:0.000063s ]
INFO: [ view_filter ] --END-- [ RunTime:0.000166s ]
INFO: [ app_end ] --START--
INFO: Run Behavior\ShowPageTraceBehavior [ RunTime:0.000060s ]
INFO: [ app_end ] --END-- [ RunTime:0.000093s ]

[ 2017-10-25T00:20:26+08:00 ] 223.64.186.1 /Index.php/Shop/Index/
INFO: [ app_init ] --START--
INFO: Run Behavior\BuildLiteBehavior [ RunTime:0.000012s ]
INFO: [ app_init ] --END-- [ RunTime:0.000077s ]
INFO: [ app_begin ] --START--
INFO: Run Behavior\ReadHtmlCacheBehavior [ RunTime:0.000074s ]
INFO: [ app_begin ] --END-- [ RunTime:0.000141s ]
SQL: SHOW COLUMNS FROM `jk_system` [ RunTime:0.0007s ]
SQL: SELECT * FROM `jk_system` WHERE `SYS_ID` = 1 LIMIT 1   [ RunTime:0.0001s ]
SQL: SHOW COLUMNS FROM `jk_user` [ RunTime:0.0008s ]
SQL: SELECT * FROM `jk_user` WHERE `UE_ID` = 1 LIMIT 1   [ RunTime:0.0001s ]
SQL: SHOW COLUMNS FROM `jk_font` [ RunTime:0.0004s ]
SQL: SELECT * FROM `jk_font` LIMIT 1   [ RunTime:0.0001s ]
SQL: SHOW COLUMNS FROM `jk_shop_project` [ RunTime:0.0004s ]
SQL: SELECT COUNT(*) AS tp_count FROM `jk_shop_project` WHERE ( zt>0 ) LIMIT 1   [ RunTime:0.0000s ]
SQL: SELECT * FROM `jk_shop_project` WHERE ( zt = '1' ) ORDER BY addtime desc  [ RunTime:0.0001s ]
NOTIC: [8] Undefined variable: show /www/web/gec/public_html/User/Shop/Controller/IndexController.class.php 第 22 行.
INFO: [ view_parse ] --START--
INFO: [ template_filter ] --START--
INFO: Run Behavior\ContentReplaceBehavior [ RunTime:0.000057s ]
INFO: [ template_filter ] --END-- [ RunTime:0.000099s ]
INFO: Run Behavior\ParseTemplateBehavior [ RunTime:0.003049s ]
INFO: [ view_parse ] --END-- [ RunTime:0.003089s ]
INFO: [ view_filter ] --START--
INFO: Run Behavior\WriteHtmlCacheBehavior [ RunTime:0.000059s ]
INFO: Run Behavior\TokenBuildBehavior [ RunTime:0.000057s ]
INFO: [ view_filter ] --END-- [ RunTime:0.000152s ]
INFO: [ app_end ] --START--
INFO: Run Behavior\ShowPageTraceBehavior [ RunTime:0.000061s ]
INFO: [ app_end ] --END-- [ RunTime:0.000095s ]

[ 2017-10-25T00:21:19+08:00 ] 223.64.186.1 /Index.php/Shop/Index/
INFO: [ app_init ] --START--
INFO: Run Behavior\BuildLiteBehavior [ RunTime:0.000012s ]
INFO: [ app_init ] --END-- [ RunTime:0.000073s ]
INFO: [ app_begin ] --START--
INFO: Run Behavior\ReadHtmlCacheBehavior [ RunTime:0.000059s ]
INFO: [ app_begin ] --END-- [ RunTime:0.000091s ]
SQL: SHOW COLUMNS FROM `jk_system` [ RunTime:0.0012s ]
SQL: SELECT * FROM `jk_system` WHERE `SYS_ID` = 1 LIMIT 1   [ RunTime:0.0001s ]
SQL: SHOW COLUMNS FROM `jk_user` [ RunTime:0.0007s ]
SQL: SELECT * FROM `jk_user` WHERE `UE_ID` = 1 LIMIT 1   [ RunTime:0.0001s ]
SQL: SHOW COLUMNS FROM `jk_font` [ RunTime:0.0003s ]
SQL: SELECT * FROM `jk_font` LIMIT 1   [ RunTime:0.0001s ]
SQL: SHOW COLUMNS FROM `jk_shop_project` [ RunTime:0.0004s ]
SQL: SELECT COUNT(*) AS tp_count FROM `jk_shop_project` WHERE ( zt>0 ) LIMIT 1   [ RunTime:0.0000s ]
SQL: SELECT * FROM `jk_shop_project` WHERE ( zt = '1' ) ORDER BY addtime desc  [ RunTime:0.0001s ]
NOTIC: [8] Undefined variable: show /www/web/gec/public_html/User/Shop/Controller/IndexController.class.php 第 22 行.
INFO: [ view_parse ] --START--
INFO: [ template_filter ] --START--
INFO: Run Behavior\ContentReplaceBehavior [ RunTime:0.000048s ]
INFO: [ template_filter ] --END-- [ RunTime:0.000086s ]
INFO: Run Behavior\ParseTemplateBehavior [ RunTime:0.002996s ]
INFO: [ view_parse ] --END-- [ RunTime:0.003037s ]
INFO: [ view_filter ] --START--
INFO: Run Behavior\WriteHtmlCacheBehavior [ RunTime:0.000071s ]
INFO: Run Behavior\TokenBuildBehavior [ RunTime:0.000059s ]
INFO: [ view_filter ] --END-- [ RunTime:0.000170s ]
INFO: [ app_end ] --START--
INFO: Run Behavior\ShowPageTraceBehavior [ RunTime:0.000062s ]
INFO: [ app_end ] --END-- [ RunTime:0.000094s ]

[ 2017-10-25T00:22:42+08:00 ] 106.91.176.249 /Index.php/Shop/Index/
INFO: [ app_init ] --START--
INFO: Run Behavior\BuildLiteBehavior [ RunTime:0.000013s ]
INFO: [ app_init ] --END-- [ RunTime:0.000087s ]
INFO: [ app_begin ] --START--
INFO: Run Behavior\ReadHtmlCacheBehavior [ RunTime:0.000067s ]
INFO: [ app_begin ] --END-- [ RunTime:0.000102s ]
SQL: SHOW COLUMNS FROM `jk_system` [ RunTime:0.0007s ]
SQL: SELECT * FROM `jk_system` WHERE `SYS_ID` = 1 LIMIT 1   [ RunTime:0.0001s ]
SQL: SHOW COLUMNS FROM `jk_user` [ RunTime:0.0008s ]
SQL: SELECT * FROM `jk_user` WHERE `UE_ID` = 1 LIMIT 1   [ RunTime:0.0001s ]
SQL: SHOW COLUMNS FROM `jk_font` [ RunTime:0.0003s ]
SQL: SELECT * FROM `jk_font` LIMIT 1   [ RunTime:0.0001s ]
SQL: SHOW COLUMNS FROM `jk_shop_project` [ RunTime:0.0004s ]
SQL: SELECT COUNT(*) AS tp_count FROM `jk_shop_project` WHERE ( zt>0 ) LIMIT 1   [ RunTime:0.0001s ]
SQL: SELECT * FROM `jk_shop_project` WHERE ( zt = '1' ) ORDER BY addtime desc  [ RunTime:0.0001s ]
NOTIC: [8] Undefined variable: show /www/web/gec/public_html/User/Shop/Controller/IndexController.class.php 第 22 行.
INFO: [ view_parse ] --START--
INFO: [ template_filter ] --START--
INFO: Run Behavior\ContentReplaceBehavior [ RunTime:0.000048s ]
INFO: [ template_filter ] --END-- [ RunTime:0.000083s ]
INFO: Run Behavior\ParseTemplateBehavior [ RunTime:0.003059s ]
INFO: [ view_parse ] --END-- [ RunTime:0.003097s ]
INFO: [ view_filter ] --START--
INFO: Run Behavior\WriteHtmlCacheBehavior [ RunTime:0.000058s ]
INFO: Run Behavior\TokenBuildBehavior [ RunTime:0.000054s ]
INFO: [ view_filter ] --END-- [ RunTime:0.000158s ]
INFO: [ app_end ] --START--
INFO: Run Behavior\ShowPageTraceBehavior [ RunTime:0.000061s ]
INFO: [ app_end ] --END-- [ RunTime:0.000094s ]

[ 2017-10-25T00:23:44+08:00 ] 106.91.176.249 /Index.php/Shop/Index/
INFO: [ app_init ] --START--
INFO: Run Behavior\BuildLiteBehavior [ RunTime:0.000013s ]
INFO: [ app_init ] --END-- [ RunTime:0.000079s ]
INFO: [ app_begin ] --START--
INFO: Run Behavior\ReadHtmlCacheBehavior [ RunTime:0.000095s ]
INFO: [ app_begin ] --END-- [ RunTime:0.000166s ]
SQL: SHOW COLUMNS FROM `jk_system` [ RunTime:0.0009s ]
SQL: SELECT * FROM `jk_system` WHERE `SYS_ID` = 1 LIMIT 1   [ RunTime:0.0001s ]
SQL: SHOW COLUMNS FROM `jk_user` [ RunTime:0.0009s ]
SQL: SELECT * FROM `jk_user` WHERE `UE_ID` = 1 LIMIT 1   [ RunTime:0.0001s ]
SQL: SHOW COLUMNS FROM `jk_font` [ RunTime:0.0004s ]
SQL: SELECT * FROM `jk_font` LIMIT 1   [ RunTime:0.0001s ]
SQL: SHOW COLUMNS FROM `jk_shop_project` [ RunTime:0.0005s ]
SQL: SELECT COUNT(*) AS tp_count FROM `jk_shop_project` WHERE ( zt>0 ) LIMIT 1   [ RunTime:0.0000s ]
SQL: SELECT * FROM `jk_shop_project` WHERE ( zt = '1' ) ORDER BY addtime desc  [ RunTime:0.0001s ]
NOTIC: [8] Undefined variable: show /www/web/gec/public_html/User/Shop/Controller/IndexController.class.php 第 22 行.
INFO: [ view_parse ] --START--
INFO: [ template_filter ] --START--
INFO: Run Behavior\ContentReplaceBehavior [ RunTime:0.000067s ]
INFO: [ template_filter ] --END-- [ RunTime:0.000118s ]
INFO: Run Behavior\ParseTemplateBehavior [ RunTime:0.003484s ]
INFO: [ view_parse ] --END-- [ RunTime:0.003536s ]
INFO: [ view_filter ] --START--
INFO: Run Behavior\WriteHtmlCacheBehavior [ RunTime:0.000059s ]
INFO: Run Behavior\TokenBuildBehavior [ RunTime:0.000056s ]
INFO: [ view_filter ] --END-- [ RunTime:0.000154s ]
INFO: [ app_end ] --START--
INFO: Run Behavior\ShowPageTraceBehavior [ RunTime:0.000073s ]
INFO: [ app_end ] --END-- [ RunTime:0.000108s ]

[ 2017-10-25T00:24:16+08:00 ] 106.91.176.249 /Index.php/Shop/Index/
INFO: [ app_init ] --START--
INFO: Run Behavior\BuildLiteBehavior [ RunTime:0.000011s ]
INFO: [ app_init ] --END-- [ RunTime:0.000078s ]
INFO: [ app_begin ] --START--
INFO: Run Behavior\ReadHtmlCacheBehavior [ RunTime:0.000060s ]
INFO: [ app_begin ] --END-- [ RunTime:0.000091s ]
SQL: SHOW COLUMNS FROM `jk_system` [ RunTime:0.0014s ]
SQL: SELECT * FROM `jk_system` WHERE `SYS_ID` = 1 LIMIT 1   [ RunTime:0.0001s ]
SQL: SHOW COLUMNS FROM `jk_user` [ RunTime:0.0007s ]
SQL: SELECT * FROM `jk_user` WHERE `UE_ID` = 1 LIMIT 1   [ RunTime:0.0001s ]
SQL: SHOW COLUMNS FROM `jk_font` [ RunTime:0.0003s ]
SQL: SELECT * FROM `jk_font` LIMIT 1   [ RunTime:0.0001s ]
SQL: SHOW COLUMNS FROM `jk_shop_project` [ RunTime:0.0004s ]
SQL: SELECT COUNT(*) AS tp_count FROM `jk_shop_project` WHERE ( zt>0 ) LIMIT 1   [ RunTime:0.0000s ]
SQL: SELECT * FROM `jk_shop_project` WHERE ( zt = '1' ) ORDER BY addtime desc  [ RunTime:0.0001s ]
NOTIC: [8] Undefined variable: show /www/web/gec/public_html/User/Shop/Controller/IndexController.class.php 第 22 行.
INFO: [ view_parse ] --START--
INFO: [ template_filter ] --START--
INFO: Run Behavior\ContentReplaceBehavior [ RunTime:0.000048s ]
INFO: [ template_filter ] --END-- [ RunTime:0.000083s ]
INFO: Run Behavior\ParseTemplateBehavior [ RunTime:0.003124s ]
INFO: [ view_parse ] --END-- [ RunTime:0.003161s ]
INFO: [ view_filter ] --START--
INFO: Run Behavior\WriteHtmlCacheBehavior [ RunTime:0.000057s ]
INFO: Run Behavior\TokenBuildBehavior [ RunTime:0.000054s ]
INFO: [ view_filter ] --END-- [ RunTime:0.000149s ]
INFO: [ app_end ] --START--
INFO: Run Behavior\ShowPageTraceBehavior [ RunTime:0.000061s ]
INFO: [ app_end ] --END-- [ RunTime:0.000094s ]

[ 2017-10-25T00:32:16+08:00 ] 106.91.176.249 /Index.php/Shop/Index/
INFO: [ app_init ] --START--
INFO: Run Behavior\BuildLiteBehavior [ RunTime:0.000012s ]
INFO: [ app_init ] --END-- [ RunTime:0.000069s ]
INFO: [ app_begin ] --START--
INFO: Run Behavior\ReadHtmlCacheBehavior [ RunTime:0.000069s ]
INFO: [ app_begin ] --END-- [ RunTime:0.000101s ]
SQL: SHOW COLUMNS FROM `jk_system` [ RunTime:0.0007s ]
SQL: SELECT * FROM `jk_system` WHERE `SYS_ID` = 1 LIMIT 1   [ RunTime:0.0001s ]
SQL: SHOW COLUMNS FROM `jk_user` [ RunTime:0.0007s ]
SQL: SELECT * FROM `jk_user` WHERE `UE_ID` = 1 LIMIT 1   [ RunTime:0.0001s ]
SQL: SHOW COLUMNS FROM `jk_font` [ RunTime:0.0003s ]
SQL: SELECT * FROM `jk_font` LIMIT 1   [ RunTime:0.0001s ]
SQL: SHOW COLUMNS FROM `jk_shop_project` [ RunTime:0.0004s ]
SQL: SELECT COUNT(*) AS tp_count FROM `jk_shop_project` WHERE ( zt>0 ) LIMIT 1   [ RunTime:0.0000s ]
SQL: SELECT * FROM `jk_shop_project` WHERE ( zt = '1' ) ORDER BY addtime desc  [ RunTime:0.0001s ]
NOTIC: [8] Undefined variable: show /www/web/gec/public_html/User/Shop/Controller/IndexController.class.php 第 22 行.
INFO: [ view_parse ] --START--
INFO: [ template_filter ] --START--
INFO: Run Behavior\ContentReplaceBehavior [ RunTime:0.000053s ]
INFO: [ template_filter ] --END-- [ RunTime:0.000094s ]
INFO: Run Behavior\ParseTemplateBehavior [ RunTime:0.003033s ]
INFO: [ view_parse ] --END-- [ RunTime:0.003078s ]
INFO: [ view_filter ] --START--
INFO: Run Behavior\WriteHtmlCacheBehavior [ RunTime:0.000057s ]
INFO: Run Behavior\TokenBuildBehavior [ RunTime:0.000054s ]
INFO: [ view_filter ] --END-- [ RunTime:0.000149s ]
INFO: [ app_end ] --START--
INFO: Run Behavior\ShowPageTraceBehavior [ RunTime:0.000061s ]
INFO: [ app_end ] --END-- [ RunTime:0.000093s ]

[ 2017-10-25T00:32:20+08:00 ] 106.91.176.249 /Index.php/Shop/Index/
INFO: [ app_init ] --START--
INFO: Run Behavior\BuildLiteBehavior [ RunTime:0.000011s ]
INFO: [ app_init ] --END-- [ RunTime:0.000077s ]
INFO: [ app_begin ] --START--
INFO: Run Behavior\ReadHtmlCacheBehavior [ RunTime:0.000060s ]
INFO: [ app_begin ] --END-- [ RunTime:0.000092s ]
SQL: SHOW COLUMNS FROM `jk_system` [ RunTime:0.0007s ]
SQL: SELECT * FROM `jk_system` WHERE `SYS_ID` = 1 LIMIT 1   [ RunTime:0.0001s ]
SQL: SHOW COLUMNS FROM `jk_user` [ RunTime:0.0008s ]
SQL: SELECT * FROM `jk_user` WHERE `UE_ID` = 1 LIMIT 1   [ RunTime:0.0001s ]
SQL: SHOW COLUMNS FROM `jk_font` [ RunTime:0.0003s ]
SQL: SELECT * FROM `jk_font` LIMIT 1   [ RunTime:0.0000s ]
SQL: SHOW COLUMNS FROM `jk_shop_project` [ RunTime:0.0004s ]
SQL: SELECT COUNT(*) AS tp_count FROM `jk_shop_project` WHERE ( zt>0 ) LIMIT 1   [ RunTime:0.0000s ]
SQL: SELECT * FROM `jk_shop_project` WHERE ( zt = '1' ) ORDER BY addtime desc  [ RunTime:0.0001s ]
NOTIC: [8] Undefined variable: show /www/web/gec/public_html/User/Shop/Controller/IndexController.class.php 第 22 行.
INFO: [ view_parse ] --START--
INFO: [ template_filter ] --START--
INFO: Run Behavior\ContentReplaceBehavior [ RunTime:0.000049s ]
INFO: [ template_filter ] --END-- [ RunTime:0.000084s ]
INFO: Run Behavior\ParseTemplateBehavior [ RunTime:0.002992s ]
INFO: [ view_parse ] --END-- [ RunTime:0.003029s ]
INFO: [ view_filter ] --START--
INFO: Run Behavior\WriteHtmlCacheBehavior [ RunTime:0.000059s ]
INFO: Run Behavior\TokenBuildBehavior [ RunTime:0.000064s ]
INFO: [ view_filter ] --END-- [ RunTime:0.000161s ]
INFO: [ app_end ] --START--
INFO: Run Behavior\ShowPageTraceBehavior [ RunTime:0.000078s ]
INFO: [ app_end ] --END-- [ RunTime:0.000112s ]

[ 2017-10-25T00:33:51+08:00 ] 106.91.176.249 /Index.php/Shop/Index/
INFO: [ app_init ] --START--
INFO: Run Behavior\BuildLiteBehavior [ RunTime:0.000011s ]
INFO: [ app_init ] --END-- [ RunTime:0.000069s ]
INFO: [ app_begin ] --START--
INFO: Run Behavior\ReadHtmlCacheBehavior [ RunTime:0.000060s ]
INFO: [ app_begin ] --END-- [ RunTime:0.000104s ]
SQL: SHOW COLUMNS FROM `jk_system` [ RunTime:0.0006s ]
SQL: SELECT * FROM `jk_system` WHERE `SYS_ID` = 1 LIMIT 1   [ RunTime:0.0001s ]
SQL: SHOW COLUMNS FROM `jk_user` [ RunTime:0.0007s ]
SQL: SELECT * FROM `jk_user` WHERE `UE_ID` = 1 LIMIT 1   [ RunTime:0.0001s ]
SQL: SHOW COLUMNS FROM `jk_font` [ RunTime:0.0003s ]
SQL: SELECT * FROM `jk_font` LIMIT 1   [ RunTime:0.0000s ]
SQL: SHOW COLUMNS FROM `jk_shop_project` [ RunTime:0.0004s ]
SQL: SELECT COUNT(*) AS tp_count FROM `jk_shop_project` WHERE ( zt>0 ) LIMIT 1   [ RunTime:0.0000s ]
SQL: SELECT * FROM `jk_shop_project` WHERE ( zt = '1' ) ORDER BY addtime desc  [ RunTime:0.0001s ]
NOTIC: [8] Undefined variable: show /www/web/gec/public_html/User/Shop/Controller/IndexController.class.php 第 22 行.
INFO: [ view_parse ] --START--
INFO: [ template_filter ] --START--
INFO: Run Behavior\ContentReplaceBehavior [ RunTime:0.000047s ]
INFO: [ template_filter ] --END-- [ RunTime:0.000085s ]
INFO: Run Behavior\ParseTemplateBehavior [ RunTime:0.002992s ]
INFO: [ view_parse ] --END-- [ RunTime:0.003031s ]
INFO: [ view_filter ] --START--
INFO: Run Behavior\WriteHtmlCacheBehavior [ RunTime:0.000058s ]
INFO: Run Behavior\TokenBuildBehavior [ RunTime:0.000055s ]
INFO: [ view_filter ] --END-- [ RunTime:0.000149s ]
INFO: [ app_end ] --START--
INFO: Run Behavior\ShowPageTraceBehavior [ RunTime:0.000062s ]
INFO: [ app_end ] --END-- [ RunTime:0.000094s ]

[ 2017-10-25T00:35:36+08:00 ] 106.91.176.249 /Index.php/Shop/Index/
INFO: [ app_init ] --START--
INFO: Run Behavior\BuildLiteBehavior [ RunTime:0.000011s ]
INFO: [ app_init ] --END-- [ RunTime:0.000091s ]
INFO: [ app_begin ] --START--
INFO: Run Behavior\ReadHtmlCacheBehavior [ RunTime:0.000068s ]
INFO: [ app_begin ] --END-- [ RunTime:0.000104s ]
SQL: SHOW COLUMNS FROM `jk_system` [ RunTime:0.0007s ]
SQL: SELECT * FROM `jk_system` WHERE `SYS_ID` = 1 LIMIT 1   [ RunTime:0.0001s ]
SQL: SHOW COLUMNS FROM `jk_user` [ RunTime:0.0007s ]
SQL: SELECT * FROM `jk_user` WHERE `UE_ID` = 2 LIMIT 1   [ RunTime:0.0001s ]
SQL: SHOW COLUMNS FROM `jk_font` [ RunTime:0.0004s ]
SQL: SELECT * FROM `jk_font` LIMIT 1   [ RunTime:0.0001s ]
SQL: SHOW COLUMNS FROM `jk_shop_project` [ RunTime:0.0004s ]
SQL: SELECT COUNT(*) AS tp_count FROM `jk_shop_project` WHERE ( zt>0 ) LIMIT 1   [ RunTime:0.0000s ]
SQL: SELECT * FROM `jk_shop_project` WHERE ( zt = '1' ) ORDER BY addtime desc  [ RunTime:0.0001s ]
NOTIC: [8] Undefined variable: show /www/web/gec/public_html/User/Shop/Controller/IndexController.class.php 第 22 行.
INFO: [ view_parse ] --START--
INFO: [ template_filter ] --START--
INFO: Run Behavior\ContentReplaceBehavior [ RunTime:0.000048s ]
INFO: [ template_filter ] --END-- [ RunTime:0.000084s ]
INFO: Run Behavior\ParseTemplateBehavior [ RunTime:0.003190s ]
INFO: [ view_parse ] --END-- [ RunTime:0.003227s ]
INFO: [ view_filter ] --START--
INFO: Run Behavior\WriteHtmlCacheBehavior [ RunTime:0.000078s ]
INFO: Run Behavior\TokenBuildBehavior [ RunTime:0.000063s ]
INFO: [ view_filter ] --END-- [ RunTime:0.000180s ]
INFO: [ app_end ] --START--
INFO: Run Behavior\ShowPageTraceBehavior [ RunTime:0.000080s ]
INFO: [ app_end ] --END-- [ RunTime:0.000121s ]

[ 2017-10-25T14:42:12+08:00 ] 223.64.188.47 /Index.php/Shop/Index/
INFO: [ app_init ] --START--
INFO: Run Behavior\BuildLiteBehavior [ RunTime:0.000011s ]
INFO: [ app_init ] --END-- [ RunTime:0.000097s ]
INFO: [ app_begin ] --START--
INFO: Run Behavior\ReadHtmlCacheBehavior [ RunTime:0.000075s ]
INFO: [ app_begin ] --END-- [ RunTime:0.000110s ]
SQL: SHOW COLUMNS FROM `jk_system` [ RunTime:0.0006s ]
SQL: SELECT * FROM `jk_system` WHERE `SYS_ID` = 1 LIMIT 1   [ RunTime:0.0001s ]
SQL: SHOW COLUMNS FROM `jk_user` [ RunTime:0.0007s ]
SQL: SELECT * FROM `jk_user` WHERE `UE_ID` = 2 LIMIT 1   [ RunTime:0.0001s ]
SQL: SHOW COLUMNS FROM `jk_font` [ RunTime:0.0003s ]
SQL: SELECT * FROM `jk_font` LIMIT 1   [ RunTime:0.0000s ]
SQL: SHOW COLUMNS FROM `jk_shop_project` [ RunTime:0.0004s ]
SQL: SELECT COUNT(*) AS tp_count FROM `jk_shop_project` WHERE ( zt>0 ) LIMIT 1   [ RunTime:0.0002s ]
SQL: SELECT * FROM `jk_shop_project` WHERE ( zt = '1' ) ORDER BY addtime desc  [ RunTime:0.0002s ]
NOTIC: [8] Undefined variable: show /www/web/gec/public_html/User/Shop/Controller/IndexController.class.php 第 22 行.
INFO: [ view_parse ] --START--
INFO: [ template_filter ] --START--
INFO: Run Behavior\ContentReplaceBehavior [ RunTime:0.000050s ]
INFO: [ template_filter ] --END-- [ RunTime:0.000085s ]
INFO: Run Behavior\ParseTemplateBehavior [ RunTime:0.003391s ]
INFO: [ view_parse ] --END-- [ RunTime:0.003431s ]
INFO: [ view_filter ] --START--
INFO: Run Behavior\WriteHtmlCacheBehavior [ RunTime:0.000073s ]
INFO: Run Behavior\TokenBuildBehavior [ RunTime:0.000055s ]
INFO: [ view_filter ] --END-- [ RunTime:0.000168s ]
INFO: [ app_end ] --START--
INFO: Run Behavior\ShowPageTraceBehavior [ RunTime:0.000062s ]
INFO: [ app_end ] --END-- [ RunTime:0.000096s ]

[ 2017-10-25T15:04:26+08:00 ] 223.64.188.47 /Index.php/Shop/Index/
INFO: [ app_init ] --START--
INFO: Run Behavior\BuildLiteBehavior [ RunTime:0.000010s ]
INFO: [ app_init ] --END-- [ RunTime:0.000069s ]
INFO: [ app_begin ] --START--
INFO: Run Behavior\ReadHtmlCacheBehavior [ RunTime:0.000057s ]
INFO: [ app_begin ] --END-- [ RunTime:0.000087s ]
SQL: SHOW COLUMNS FROM `jk_system` [ RunTime:0.0007s ]
SQL: SELECT * FROM `jk_system` WHERE `SYS_ID` = 1 LIMIT 1   [ RunTime:0.0001s ]
SQL: SHOW COLUMNS FROM `jk_user` [ RunTime:0.0008s ]
SQL: SELECT * FROM `jk_user` WHERE `UE_ID` = 1 LIMIT 1   [ RunTime:0.0001s ]
SQL: SHOW COLUMNS FROM `jk_font` [ RunTime:0.0003s ]
SQL: SELECT * FROM `jk_font` LIMIT 1   [ RunTime:0.0000s ]
SQL: SHOW COLUMNS FROM `jk_shop_project` [ RunTime:0.0004s ]
SQL: SELECT COUNT(*) AS tp_count FROM `jk_shop_project` WHERE ( zt>0 ) LIMIT 1   [ RunTime:0.0000s ]
SQL: SELECT * FROM `jk_shop_project` WHERE ( zt = '1' ) ORDER BY addtime desc  [ RunTime:0.0001s ]
NOTIC: [8] Undefined variable: show /www/web/gec/public_html/User/Shop/Controller/IndexController.class.php 第 22 行.
INFO: [ view_parse ] --START--
INFO: [ template_filter ] --START--
INFO: Run Behavior\ContentReplaceBehavior [ RunTime:0.000049s ]
INFO: [ template_filter ] --END-- [ RunTime:0.000090s ]
INFO: Run Behavior\ParseTemplateBehavior [ RunTime:0.003004s ]
INFO: [ view_parse ] --END-- [ RunTime:0.003044s ]
INFO: [ view_filter ] --START--
INFO: Run Behavior\WriteHtmlCacheBehavior [ RunTime:0.000057s ]
INFO: Run Behavior\TokenBuildBehavior [ RunTime:0.000059s ]
INFO: [ view_filter ] --END-- [ RunTime:0.000153s ]
INFO: [ app_end ] --START--
INFO: Run Behavior\ShowPageTraceBehavior [ RunTime:0.000060s ]
INFO: [ app_end ] --END-- [ RunTime:0.000094s ]

[ 2017-10-25T15:04:38+08:00 ] 223.64.188.47 /Index.php/Shop/Index/
INFO: [ app_init ] --START--
INFO: Run Behavior\BuildLiteBehavior [ RunTime:0.000011s ]
INFO: [ app_init ] --END-- [ RunTime:0.000071s ]
INFO: [ app_begin ] --START--
INFO: Run Behavior\ReadHtmlCacheBehavior [ RunTime:0.000059s ]
INFO: [ app_begin ] --END-- [ RunTime:0.000090s ]
SQL: SHOW COLUMNS FROM `jk_system` [ RunTime:0.0007s ]
SQL: SELECT * FROM `jk_system` WHERE `SYS_ID` = 1 LIMIT 1   [ RunTime:0.0001s ]
SQL: SHOW COLUMNS FROM `jk_user` [ RunTime:0.0007s ]
SQL: SELECT * FROM `jk_user` WHERE `UE_ID` = 1 LIMIT 1   [ RunTime:0.0001s ]
SQL: SHOW COLUMNS FROM `jk_font` [ RunTime:0.0003s ]
SQL: SELECT * FROM `jk_font` LIMIT 1   [ RunTime:0.0000s ]
SQL: SHOW COLUMNS FROM `jk_shop_project` [ RunTime:0.0004s ]
SQL: SELECT COUNT(*) AS tp_count FROM `jk_shop_project` WHERE ( zt>0 ) LIMIT 1   [ RunTime:0.0000s ]
SQL: SELECT * FROM `jk_shop_project` WHERE ( zt = '1' ) ORDER BY addtime desc  [ RunTime:0.0001s ]
NOTIC: [8] Undefined variable: show /www/web/gec/public_html/User/Shop/Controller/IndexController.class.php 第 22 行.
INFO: [ view_parse ] --START--
INFO: [ template_filter ] --START--
INFO: Run Behavior\ContentReplaceBehavior [ RunTime:0.000048s ]
INFO: [ template_filter ] --END-- [ RunTime:0.000088s ]
INFO: Run Behavior\ParseTemplateBehavior [ RunTime:0.003017s ]
INFO: [ view_parse ] --END-- [ RunTime:0.003057s ]
INFO: [ view_filter ] --START--
INFO: Run Behavior\WriteHtmlCacheBehavior [ RunTime:0.000057s ]
INFO: Run Behavior\TokenBuildBehavior [ RunTime:0.000058s ]
INFO: [ view_filter ] --END-- [ RunTime:0.000153s ]
INFO: [ app_end ] --START--
INFO: Run Behavior\ShowPageTraceBehavior [ RunTime:0.000061s ]
INFO: [ app_end ] --END-- [ RunTime:0.000094s ]

