[ 2017-10-21T15:42:54+08:00 ] 112.224.2.141 /Index.php/Shop/Index/
INFO: [ app_init ] --START--
INFO: Run Behavior\BuildLiteBehavior [ RunTime:0.000021s ]
INFO: [ app_init ] --END-- [ RunTime:0.000085s ]
INFO: [ app_begin ] --START--
INFO: Run Behavior\ReadHtmlCacheBehavior [ RunTime:0.000063s ]
INFO: [ app_begin ] --END-- [ RunTime:0.000099s ]
SQL: SHOW COLUMNS FROM `jk_system` [ RunTime:0.0006s ]
SQL: SELECT * FROM `jk_system` WHERE `SYS_ID` = 1 LIMIT 1   [ RunTime:0.0001s ]
SQL: SHOW COLUMNS FROM `jk_user` [ RunTime:0.0007s ]
SQL: SELECT * FROM `jk_user` WHERE `UE_ID` = 2 LIMIT 1   [ RunTime:0.0001s ]
SQL: SHOW COLUMNS FROM `jk_font` [ RunTime:0.0003s ]
SQL: SELECT * FROM `jk_font` LIMIT 1   [ RunTime:0.0000s ]
SQL: SHOW COLUMNS FROM `jk_shop_project` [ RunTime:0.0004s ]
SQL: SELECT COUNT(*) AS tp_count FROM `jk_shop_project` WHERE ( zt>0 ) LIMIT 1   [ RunTime:0.0000s ]
SQL: SELECT * FROM `jk_shop_project` WHERE ( zt = '1' ) ORDER BY addtime desc  [ RunTime:0.0001s ]
NOTIC: [8] Undefined variable: show /www/web/gec/public_html/User/Shop/Controller/IndexController.class.php 第 22 行.
INFO: [ view_parse ] --START--
INFO: [ template_filter ] --START--
INFO: Run Behavior\ContentReplaceBehavior [ RunTime:0.000048s ]
INFO: [ template_filter ] --END-- [ RunTime:0.000084s ]
INFO: Run Behavior\ParseTemplateBehavior [ RunTime:0.003133s ]
INFO: [ view_parse ] --END-- [ RunTime:0.003173s ]
INFO: [ view_filter ] --START--
INFO: Run Behavior\WriteHtmlCacheBehavior [ RunTime:0.000060s ]
INFO: Run Behavior\TokenBuildBehavior [ RunTime:0.000056s ]
INFO: [ view_filter ] --END-- [ RunTime:0.000167s ]
INFO: [ app_end ] --START--
INFO: Run Behavior\ShowPageTraceBehavior [ RunTime:0.000073s ]
INFO: [ app_end ] --END-- [ RunTime:0.000108s ]

[ 2017-10-21T15:42:56+08:00 ] 112.224.2.141 /Index.php//Shop/index/jiaoyi?id=217
INFO: [ app_init ] --START--
INFO: Run Behavior\BuildLiteBehavior [ RunTime:0.000013s ]
INFO: [ app_init ] --END-- [ RunTime:0.000076s ]
INFO: [ app_begin ] --START--
INFO: Run Behavior\ReadHtmlCacheBehavior [ RunTime:0.000066s ]
INFO: [ app_begin ] --END-- [ RunTime:0.000102s ]
SQL: SHOW COLUMNS FROM `jk_system` [ RunTime:0.0007s ]
SQL: SELECT * FROM `jk_system` WHERE `SYS_ID` = 1 LIMIT 1   [ RunTime:0.0001s ]
SQL: SHOW COLUMNS FROM `jk_user` [ RunTime:0.0008s ]
SQL: SELECT * FROM `jk_user` WHERE `UE_ID` = 2 LIMIT 1   [ RunTime:0.0001s ]
SQL: SHOW COLUMNS FROM `jk_font` [ RunTime:0.0003s ]
SQL: SELECT * FROM `jk_font` LIMIT 1   [ RunTime:0.0000s ]
SQL: SHOW COLUMNS FROM `jk_shop_project` [ RunTime:0.0004s ]
SQL: SELECT * FROM `jk_shop_project` WHERE `id` = 217 LIMIT 1   [ RunTime:0.0001s ]
INFO: [ view_parse ] --START--
INFO: [ template_filter ] --START--
INFO: Run Behavior\ContentReplaceBehavior [ RunTime:0.000050s ]
INFO: [ template_filter ] --END-- [ RunTime:0.000098s ]
INFO: Run Behavior\ParseTemplateBehavior [ RunTime:0.001840s ]
INFO: [ view_parse ] --END-- [ RunTime:0.001881s ]
INFO: [ view_filter ] --START--
INFO: Run Behavior\WriteHtmlCacheBehavior [ RunTime:0.000057s ]
INFO: Run Behavior\TokenBuildBehavior [ RunTime:0.000054s ]
INFO: [ view_filter ] --END-- [ RunTime:0.000148s ]
INFO: [ app_end ] --START--
INFO: Run Behavior\ShowPageTraceBehavior [ RunTime:0.000053s ]
INFO: [ app_end ] --END-- [ RunTime:0.000076s ]

[ 2017-10-21T15:42:57+08:00 ] 112.224.2.141 /Index.php//Shop/index/confirmproject?id=217
INFO: [ app_init ] --START--
INFO: Run Behavior\BuildLiteBehavior [ RunTime:0.000016s ]
INFO: [ app_init ] --END-- [ RunTime:0.000074s ]
INFO: [ app_begin ] --START--
INFO: Run Behavior\ReadHtmlCacheBehavior [ RunTime:0.000057s ]
INFO: [ app_begin ] --END-- [ RunTime:0.000087s ]
SQL: SHOW COLUMNS FROM `jk_system` [ RunTime:0.0006s ]
SQL: SELECT * FROM `jk_system` WHERE `SYS_ID` = 1 LIMIT 1   [ RunTime:0.0001s ]
SQL: SHOW COLUMNS FROM `jk_user` [ RunTime:0.0007s ]
SQL: SELECT * FROM `jk_user` WHERE `UE_ID` = 2 LIMIT 1   [ RunTime:0.0001s ]
SQL: SHOW COLUMNS FROM `jk_font` [ RunTime:0.0003s ]
SQL: SELECT * FROM `jk_font` LIMIT 1   [ RunTime:0.0000s ]
SQL: SHOW COLUMNS FROM `jk_shop_project` [ RunTime:0.0004s ]
SQL: SELECT * FROM `jk_shop_project` WHERE `id` = 217 LIMIT 1   [ RunTime:0.0001s ]
SQL: SELECT * FROM `jk_user` WHERE `UE_account` = '15515553735' LIMIT 1   [ RunTime:0.0001s ]
SQL: UPDATE `jk_user` SET `UE_money`=UE_money-1000 WHERE `UE_account` = '15515553735' [ RunTime:0.0002s ]
SQL: UPDATE `jk_user` SET `kjzt`='1' WHERE `UE_account` = '15515553735' [ RunTime:0.0001s ]
SQL: SHOW COLUMNS FROM `jk_shop_orderform` [ RunTime:0.0004s ]
SQL: INSERT INTO `jk_shop_orderform` (`user`,`project`,`enproject`,`yxzq`,`sumprice`,`addtime`,`username`,`imagepath`,`lixi`,`qwsl`,`kjsl`,`kjbh`) VALUES ('15515553735','中型云矿机','Medium cloud machine','720','1000','2017-10-21 15:42:57','G769683','/Uploads/Pic/2017-03-01/58b6b0cee82c6.png','1.80555556','','1','G217177741') [ RunTime:0.0003s ]
SQL: SELECT * FROM `jk_user` WHERE `UE_account` = '15515551555' LIMIT 1   [ RunTime:0.0003s ]

[ 2017-10-21T15:47:38+08:00 ] 112.224.2.141 /Index.php/Shop/Index/
INFO: [ app_init ] --START--
INFO: Run Behavior\BuildLiteBehavior [ RunTime:0.000013s ]
INFO: [ app_init ] --END-- [ RunTime:0.000082s ]
INFO: [ app_begin ] --START--
INFO: Run Behavior\ReadHtmlCacheBehavior [ RunTime:0.000066s ]
INFO: [ app_begin ] --END-- [ RunTime:0.000102s ]
SQL: SHOW COLUMNS FROM `jk_system` [ RunTime:0.0007s ]
SQL: SELECT * FROM `jk_system` WHERE `SYS_ID` = 1 LIMIT 1   [ RunTime:0.0001s ]
SQL: SHOW COLUMNS FROM `jk_user` [ RunTime:0.0008s ]
SQL: SELECT * FROM `jk_user` WHERE `UE_ID` = 1 LIMIT 1   [ RunTime:0.0001s ]
SQL: SHOW COLUMNS FROM `jk_font` [ RunTime:0.0003s ]
SQL: SELECT * FROM `jk_font` LIMIT 1   [ RunTime:0.0001s ]
SQL: SHOW COLUMNS FROM `jk_shop_project` [ RunTime:0.0004s ]
SQL: SELECT COUNT(*) AS tp_count FROM `jk_shop_project` WHERE ( zt>0 ) LIMIT 1   [ RunTime:0.0001s ]
SQL: SELECT * FROM `jk_shop_project` WHERE ( zt = '1' ) ORDER BY addtime desc  [ RunTime:0.0001s ]
NOTIC: [8] Undefined variable: show /www/web/gec/public_html/User/Shop/Controller/IndexController.class.php 第 22 行.
INFO: [ view_parse ] --START--
INFO: [ template_filter ] --START--
INFO: Run Behavior\ContentReplaceBehavior [ RunTime:0.000047s ]
INFO: [ template_filter ] --END-- [ RunTime:0.000085s ]
INFO: Run Behavior\ParseTemplateBehavior [ RunTime:0.003159s ]
INFO: [ view_parse ] --END-- [ RunTime:0.003202s ]
INFO: [ view_filter ] --START--
INFO: Run Behavior\WriteHtmlCacheBehavior [ RunTime:0.000058s ]
INFO: Run Behavior\TokenBuildBehavior [ RunTime:0.000057s ]
INFO: [ view_filter ] --END-- [ RunTime:0.000152s ]
INFO: [ app_end ] --START--
INFO: Run Behavior\ShowPageTraceBehavior [ RunTime:0.000062s ]
INFO: [ app_end ] --END-- [ RunTime:0.000095s ]

[ 2017-10-21T16:19:33+08:00 ] 112.224.2.141 /Index.php/Shop/Index/
INFO: [ app_init ] --START--
INFO: Run Behavior\BuildLiteBehavior [ RunTime:0.000013s ]
INFO: [ app_init ] --END-- [ RunTime:0.000075s ]
INFO: [ app_begin ] --START--
INFO: Run Behavior\ReadHtmlCacheBehavior [ RunTime:0.000060s ]
INFO: [ app_begin ] --END-- [ RunTime:0.000092s ]
SQL: SHOW COLUMNS FROM `jk_system` [ RunTime:0.0007s ]
SQL: SELECT * FROM `jk_system` WHERE `SYS_ID` = 1 LIMIT 1   [ RunTime:0.0001s ]
SQL: SHOW COLUMNS FROM `jk_user` [ RunTime:0.0007s ]
SQL: SELECT * FROM `jk_user` WHERE `UE_ID` = 1 LIMIT 1   [ RunTime:0.0001s ]
SQL: SHOW COLUMNS FROM `jk_font` [ RunTime:0.0003s ]
SQL: SELECT * FROM `jk_font` LIMIT 1   [ RunTime:0.0001s ]
SQL: SHOW COLUMNS FROM `jk_shop_project` [ RunTime:0.0004s ]
SQL: SELECT COUNT(*) AS tp_count FROM `jk_shop_project` WHERE ( zt>0 ) LIMIT 1   [ RunTime:0.0000s ]
SQL: SELECT * FROM `jk_shop_project` WHERE ( zt = '1' ) ORDER BY addtime desc  [ RunTime:0.0001s ]
NOTIC: [8] Undefined variable: show /www/web/gec/public_html/User/Shop/Controller/IndexController.class.php 第 22 行.
INFO: [ view_parse ] --START--
INFO: [ template_filter ] --START--
INFO: Run Behavior\ContentReplaceBehavior [ RunTime:0.000056s ]
INFO: [ template_filter ] --END-- [ RunTime:0.000092s ]
INFO: Run Behavior\ParseTemplateBehavior [ RunTime:0.002994s ]
INFO: [ view_parse ] --END-- [ RunTime:0.003032s ]
INFO: [ view_filter ] --START--
INFO: Run Behavior\WriteHtmlCacheBehavior [ RunTime:0.000060s ]
INFO: Run Behavior\TokenBuildBehavior [ RunTime:0.000058s ]
INFO: [ view_filter ] --END-- [ RunTime:0.000156s ]
INFO: [ app_end ] --START--
INFO: Run Behavior\ShowPageTraceBehavior [ RunTime:0.000063s ]
INFO: [ app_end ] --END-- [ RunTime:0.000097s ]

[ 2017-10-21T16:28:12+08:00 ] 223.64.187.210 /Index.php/Shop/Index/
INFO: [ app_init ] --START--
INFO: Run Behavior\BuildLiteBehavior [ RunTime:0.000012s ]
INFO: [ app_init ] --END-- [ RunTime:0.000069s ]
INFO: [ app_begin ] --START--
INFO: Run Behavior\ReadHtmlCacheBehavior [ RunTime:0.000059s ]
INFO: [ app_begin ] --END-- [ RunTime:0.000089s ]
SQL: SHOW COLUMNS FROM `jk_system` [ RunTime:0.0006s ]
SQL: SELECT * FROM `jk_system` WHERE `SYS_ID` = 1 LIMIT 1   [ RunTime:0.0001s ]
SQL: SHOW COLUMNS FROM `jk_user` [ RunTime:0.0007s ]
SQL: SELECT * FROM `jk_user` WHERE `UE_ID` = 2 LIMIT 1   [ RunTime:0.0001s ]
SQL: SHOW COLUMNS FROM `jk_font` [ RunTime:0.0003s ]
SQL: SELECT * FROM `jk_font` LIMIT 1   [ RunTime:0.0000s ]
SQL: SHOW COLUMNS FROM `jk_shop_project` [ RunTime:0.0003s ]
SQL: SELECT COUNT(*) AS tp_count FROM `jk_shop_project` WHERE ( zt>0 ) LIMIT 1   [ RunTime:0.0000s ]
SQL: SELECT * FROM `jk_shop_project` WHERE ( zt = '1' ) ORDER BY addtime desc  [ RunTime:0.0001s ]
NOTIC: [8] Undefined variable: show /www/web/gec/public_html/User/Shop/Controller/IndexController.class.php 第 22 行.
INFO: [ view_parse ] --START--
INFO: [ template_filter ] --START--
INFO: Run Behavior\ContentReplaceBehavior [ RunTime:0.000047s ]
INFO: [ template_filter ] --END-- [ RunTime:0.000086s ]
INFO: Run Behavior\ParseTemplateBehavior [ RunTime:0.003014s ]
INFO: [ view_parse ] --END-- [ RunTime:0.003053s ]
INFO: [ view_filter ] --START--
INFO: Run Behavior\WriteHtmlCacheBehavior [ RunTime:0.000058s ]
INFO: Run Behavior\TokenBuildBehavior [ RunTime:0.000056s ]
INFO: [ view_filter ] --END-- [ RunTime:0.000151s ]
INFO: [ app_end ] --START--
INFO: Run Behavior\ShowPageTraceBehavior [ RunTime:0.000061s ]
INFO: [ app_end ] --END-- [ RunTime:0.000094s ]

[ 2017-10-21T17:02:54+08:00 ] 223.64.187.210 /Index.php/Shop/Index/
INFO: [ app_init ] --START--
INFO: Run Behavior\BuildLiteBehavior [ RunTime:0.000011s ]
INFO: [ app_init ] --END-- [ RunTime:0.000069s ]
INFO: [ app_begin ] --START--
INFO: Run Behavior\ReadHtmlCacheBehavior [ RunTime:0.000057s ]
INFO: [ app_begin ] --END-- [ RunTime:0.000087s ]
SQL: SHOW COLUMNS FROM `jk_system` [ RunTime:0.0006s ]
SQL: SELECT * FROM `jk_system` WHERE `SYS_ID` = 1 LIMIT 1   [ RunTime:0.0001s ]
SQL: SHOW COLUMNS FROM `jk_user` [ RunTime:0.0007s ]
SQL: SELECT * FROM `jk_user` WHERE `UE_ID` = 2 LIMIT 1   [ RunTime:0.0001s ]
SQL: SHOW COLUMNS FROM `jk_font` [ RunTime:0.0003s ]
SQL: SELECT * FROM `jk_font` LIMIT 1   [ RunTime:0.0001s ]
SQL: SHOW COLUMNS FROM `jk_shop_project` [ RunTime:0.0003s ]
SQL: SELECT COUNT(*) AS tp_count FROM `jk_shop_project` WHERE ( zt>0 ) LIMIT 1   [ RunTime:0.0000s ]
SQL: SELECT * FROM `jk_shop_project` WHERE ( zt = '1' ) ORDER BY addtime desc  [ RunTime:0.0001s ]
NOTIC: [8] Undefined variable: show /www/web/gec/public_html/User/Shop/Controller/IndexController.class.php 第 22 行.
INFO: [ view_parse ] --START--
INFO: [ template_filter ] --START--
INFO: Run Behavior\ContentReplaceBehavior [ RunTime:0.000047s ]
INFO: [ template_filter ] --END-- [ RunTime:0.000080s ]
INFO: Run Behavior\ParseTemplateBehavior [ RunTime:0.002961s ]
INFO: [ view_parse ] --END-- [ RunTime:0.002998s ]
INFO: [ view_filter ] --START--
INFO: Run Behavior\WriteHtmlCacheBehavior [ RunTime:0.000072s ]
INFO: Run Behavior\TokenBuildBehavior [ RunTime:0.000057s ]
INFO: [ view_filter ] --END-- [ RunTime:0.000168s ]
INFO: [ app_end ] --START--
INFO: Run Behavior\ShowPageTraceBehavior [ RunTime:0.000072s ]
INFO: [ app_end ] --END-- [ RunTime:0.000105s ]

[ 2017-10-21T17:03:09+08:00 ] 223.64.187.210 /Index.php/Shop/Index/
INFO: [ app_init ] --START--
INFO: Run Behavior\BuildLiteBehavior [ RunTime:0.000011s ]
INFO: [ app_init ] --END-- [ RunTime:0.000069s ]
INFO: [ app_begin ] --START--
INFO: Run Behavior\ReadHtmlCacheBehavior [ RunTime:0.000066s ]
INFO: [ app_begin ] --END-- [ RunTime:0.000097s ]
SQL: SHOW COLUMNS FROM `jk_system` [ RunTime:0.0007s ]
SQL: SELECT * FROM `jk_system` WHERE `SYS_ID` = 1 LIMIT 1   [ RunTime:0.0001s ]
SQL: SHOW COLUMNS FROM `jk_user` [ RunTime:0.0007s ]
SQL: SELECT * FROM `jk_user` WHERE `UE_ID` = 2 LIMIT 1   [ RunTime:0.0001s ]
SQL: SHOW COLUMNS FROM `jk_font` [ RunTime:0.0003s ]
SQL: SELECT * FROM `jk_font` LIMIT 1   [ RunTime:0.0000s ]
SQL: SHOW COLUMNS FROM `jk_shop_project` [ RunTime:0.0004s ]
SQL: SELECT COUNT(*) AS tp_count FROM `jk_shop_project` WHERE ( zt>0 ) LIMIT 1   [ RunTime:0.0000s ]
SQL: SELECT * FROM `jk_shop_project` WHERE ( zt = '1' ) ORDER BY addtime desc  [ RunTime:0.0001s ]
NOTIC: [8] Undefined variable: show /www/web/gec/public_html/User/Shop/Controller/IndexController.class.php 第 22 行.
INFO: [ view_parse ] --START--
INFO: [ template_filter ] --START--
INFO: Run Behavior\ContentReplaceBehavior [ RunTime:0.000047s ]
INFO: [ template_filter ] --END-- [ RunTime:0.000087s ]
INFO: Run Behavior\ParseTemplateBehavior [ RunTime:0.002968s ]
INFO: [ view_parse ] --END-- [ RunTime:0.003019s ]
INFO: [ view_filter ] --START--
INFO: Run Behavior\WriteHtmlCacheBehavior [ RunTime:0.000067s ]
INFO: Run Behavior\TokenBuildBehavior [ RunTime:0.000056s ]
INFO: [ view_filter ] --END-- [ RunTime:0.000161s ]
INFO: [ app_end ] --START--
INFO: Run Behavior\ShowPageTraceBehavior [ RunTime:0.000071s ]
INFO: [ app_end ] --END-- [ RunTime:0.000104s ]

[ 2017-10-21T17:04:12+08:00 ] 223.64.187.210 /Index.php/Shop/Index/
INFO: [ app_init ] --START--
INFO: Run Behavior\BuildLiteBehavior [ RunTime:0.000010s ]
INFO: [ app_init ] --END-- [ RunTime:0.000059s ]
INFO: [ app_begin ] --START--
INFO: Run Behavior\ReadHtmlCacheBehavior [ RunTime:0.000064s ]
INFO: [ app_begin ] --END-- [ RunTime:0.000103s ]
SQL: SHOW COLUMNS FROM `jk_system` [ RunTime:0.0006s ]
SQL: SELECT * FROM `jk_system` WHERE `SYS_ID` = 1 LIMIT 1   [ RunTime:0.0001s ]
SQL: SHOW COLUMNS FROM `jk_user` [ RunTime:0.0008s ]
SQL: SELECT * FROM `jk_user` WHERE `UE_ID` = 2 LIMIT 1   [ RunTime:0.0001s ]
SQL: SHOW COLUMNS FROM `jk_font` [ RunTime:0.0003s ]
SQL: SELECT * FROM `jk_font` LIMIT 1   [ RunTime:0.0000s ]
SQL: SHOW COLUMNS FROM `jk_shop_project` [ RunTime:0.0004s ]
SQL: SELECT COUNT(*) AS tp_count FROM `jk_shop_project` WHERE ( zt>0 ) LIMIT 1   [ RunTime:0.0001s ]
SQL: SELECT * FROM `jk_shop_project` WHERE ( zt = '1' ) ORDER BY addtime desc  [ RunTime:0.0001s ]
NOTIC: [8] Undefined variable: show /www/web/gec/public_html/User/Shop/Controller/IndexController.class.php 第 22 行.
INFO: [ view_parse ] --START--
INFO: [ template_filter ] --START--
INFO: Run Behavior\ContentReplaceBehavior [ RunTime:0.000047s ]
INFO: [ template_filter ] --END-- [ RunTime:0.000085s ]
INFO: Run Behavior\ParseTemplateBehavior [ RunTime:0.002972s ]
INFO: [ view_parse ] --END-- [ RunTime:0.003011s ]
INFO: [ view_filter ] --START--
INFO: Run Behavior\WriteHtmlCacheBehavior [ RunTime:0.000058s ]
INFO: Run Behavior\TokenBuildBehavior [ RunTime:0.000056s ]
INFO: [ view_filter ] --END-- [ RunTime:0.000151s ]
INFO: [ app_end ] --START--
INFO: Run Behavior\ShowPageTraceBehavior [ RunTime:0.000062s ]
INFO: [ app_end ] --END-- [ RunTime:0.000095s ]

[ 2017-10-21T22:06:35+08:00 ] 223.64.187.210 /Index.php/Shop/Index/
INFO: [ app_init ] --START--
INFO: Run Behavior\BuildLiteBehavior [ RunTime:0.000011s ]
INFO: [ app_init ] --END-- [ RunTime:0.000068s ]
INFO: [ app_begin ] --START--
INFO: Run Behavior\ReadHtmlCacheBehavior [ RunTime:0.000060s ]
INFO: [ app_begin ] --END-- [ RunTime:0.000099s ]
SQL: SHOW COLUMNS FROM `jk_system` [ RunTime:0.0007s ]
SQL: SELECT * FROM `jk_system` WHERE `SYS_ID` = 1 LIMIT 1   [ RunTime:0.0001s ]
SQL: SHOW COLUMNS FROM `jk_user` [ RunTime:0.0007s ]
SQL: SELECT * FROM `jk_user` WHERE `UE_ID` = 1 LIMIT 1   [ RunTime:0.0001s ]
SQL: SHOW COLUMNS FROM `jk_font` [ RunTime:0.0003s ]
SQL: SELECT * FROM `jk_font` LIMIT 1   [ RunTime:0.0000s ]
SQL: SHOW COLUMNS FROM `jk_shop_project` [ RunTime:0.0004s ]
SQL: SELECT COUNT(*) AS tp_count FROM `jk_shop_project` WHERE ( zt>0 ) LIMIT 1   [ RunTime:0.0001s ]
SQL: SELECT * FROM `jk_shop_project` WHERE ( zt = '1' ) ORDER BY addtime desc  [ RunTime:0.0001s ]
NOTIC: [8] Undefined variable: show /www/web/gec/public_html/User/Shop/Controller/IndexController.class.php 第 22 行.
INFO: [ view_parse ] --START--
INFO: [ template_filter ] --START--
INFO: Run Behavior\ContentReplaceBehavior [ RunTime:0.000049s ]
INFO: [ template_filter ] --END-- [ RunTime:0.000085s ]
INFO: Run Behavior\ParseTemplateBehavior [ RunTime:0.003387s ]
INFO: [ view_parse ] --END-- [ RunTime:0.003426s ]
INFO: [ view_filter ] --START--
INFO: Run Behavior\WriteHtmlCacheBehavior [ RunTime:0.000060s ]
INFO: Run Behavior\TokenBuildBehavior [ RunTime:0.000056s ]
INFO: [ view_filter ] --END-- [ RunTime:0.000164s ]
INFO: [ app_end ] --START--
INFO: Run Behavior\ShowPageTraceBehavior [ RunTime:0.000063s ]
INFO: [ app_end ] --END-- [ RunTime:0.000097s ]

